{"/home/travis/build/npmtest/node-npmtest-angular-translate/test.js":{"path":"/home/travis/build/npmtest/node-npmtest-angular-translate/test.js","s":{"1":2,"2":2,"3":2,"4":2,"5":2,"6":2,"7":2,"8":1,"9":2,"10":2,"11":1,"12":1,"13":1,"14":1,"15":2,"16":2,"17":2,"18":2,"19":1,"20":1,"21":2,"22":2,"23":2,"24":1,"25":1,"26":1,"27":1,"28":1,"29":1,"30":1,"31":1,"32":1,"33":1,"34":1,"35":1,"36":1,"37":1,"38":1,"39":2,"40":2,"41":1,"42":2,"43":2,"44":1,"45":2,"46":2,"47":1,"48":2,"49":2,"50":1,"51":1,"52":1,"53":1,"54":1},"b":{"1":[2,1,1,1],"2":[1,1,1,1],"3":[1,1],"4":[1,1],"5":[1,1],"6":[1,1],"7":[1,1],"8":[1,1],"9":[1,1],"10":[1,1,1],"11":[1,1],"12":[1,1],"13":[1,1],"14":[1,1],"15":[1,1],"16":[1,1],"17":[1,1]},"f":{"1":2,"2":2,"3":2,"4":2,"5":2,"6":1,"7":1,"8":1,"9":2,"10":2,"11":2,"12":2,"13":1},"fnMap":{"1":{"name":"(anonymous_1)","line":12,"loc":{"start":{"line":12,"column":1},"end":{"line":12,"column":13}}},"2":{"name":"(anonymous_2)","line":19,"loc":{"start":{"line":19,"column":5},"end":{"line":19,"column":17}}},"3":{"name":"(anonymous_3)","line":23,"loc":{"start":{"line":23,"column":24},"end":{"line":23,"column":36}}},"4":{"name":"(anonymous_4)","line":61,"loc":{"start":{"line":61,"column":5},"end":{"line":61,"column":17}}},"5":{"name":"(anonymous_5)","line":82,"loc":{"start":{"line":82,"column":5},"end":{"line":82,"column":17}}},"6":{"name":"(anonymous_6)","line":91,"loc":{"start":{"line":91,"column":77},"end":{"line":94,"column":10}}},"7":{"name":"(anonymous_7)","line":112,"loc":{"start":{"line":112,"column":83},"end":{"line":115,"column":10}},"skip":true},"8":{"name":"(anonymous_8)","line":123,"loc":{"start":{"line":123,"column":77},"end":{"line":126,"column":10}},"skip":true},"9":{"name":"(anonymous_9)","line":139,"loc":{"start":{"line":139,"column":12},"end":{"line":139,"column":40}},"skip":true},"10":{"name":"(anonymous_10)","line":147,"loc":{"start":{"line":147,"column":77},"end":{"line":150,"column":10}},"skip":true},"11":{"name":"(anonymous_11)","line":158,"loc":{"start":{"line":158,"column":83},"end":{"line":161,"column":10}},"skip":true},"12":{"name":"(anonymous_12)","line":169,"loc":{"start":{"line":169,"column":79},"end":{"line":172,"column":10}},"skip":true},"13":{"name":"(anonymous_13)","line":180,"loc":{"start":{"line":180,"column":75},"end":{"line":183,"column":10}},"skip":true}},"statementMap":{"1":{"start":{"line":12,"column":0},"end":{"line":195,"column":5}},"2":{"start":{"line":14,"column":4},"end":{"line":14,"column":14}},"3":{"start":{"line":19,"column":4},"end":{"line":56,"column":9}},"4":{"start":{"line":21,"column":8},"end":{"line":21,"column":19}},"5":{"start":{"line":23,"column":8},"end":{"line":35,"column":13}},"6":{"start":{"line":24,"column":12},"end":{"line":34,"column":13}},"7":{"start":{"line":25,"column":16},"end":{"line":28,"column":30}},"8":{"start":{"line":30,"column":16},"end":{"line":33,"column":27}},"9":{"start":{"line":37,"column":8},"end":{"line":39,"column":21}},"10":{"start":{"line":40,"column":8},"end":{"line":53,"column":9}},"11":{"start":{"line":43,"column":12},"end":{"line":46,"column":14}},"12":{"start":{"line":47,"column":12},"end":{"line":47,"column":18}},"13":{"start":{"line":50,"column":12},"end":{"line":51,"column":46}},"14":{"start":{"line":52,"column":12},"end":{"line":52,"column":18}},"15":{"start":{"line":55,"column":8},"end":{"line":55,"column":35}},"16":{"start":{"line":61,"column":4},"end":{"line":63,"column":9}},"17":{"start":{"line":62,"column":8},"end":{"line":62,"column":15}},"18":{"start":{"line":64,"column":4},"end":{"line":77,"column":5}},"19":{"start":{"line":70,"column":8},"end":{"line":70,"column":14}},"20":{"start":{"line":76,"column":8},"end":{"line":76,"column":14}},"21":{"start":{"line":82,"column":4},"end":{"line":84,"column":9}},"22":{"start":{"line":83,"column":8},"end":{"line":83,"column":15}},"23":{"start":{"line":85,"column":4},"end":{"line":194,"column":5}},"24":{"start":{"line":91,"column":8},"end":{"line":99,"column":10}},"25":{"start":{"line":98,"column":12},"end":{"line":98,"column":35}},"26":{"start":{"line":102,"column":8},"end":{"line":104,"column":63}},"27":{"start":{"line":105,"column":8},"end":{"line":105,"column":14}},"28":{"start":{"line":112,"column":8},"end":{"line":121,"column":10},"skip":true},"29":{"start":{"line":119,"column":12},"end":{"line":119,"column":55},"skip":true},"30":{"start":{"line":120,"column":12},"end":{"line":120,"column":48},"skip":true},"31":{"start":{"line":123,"column":8},"end":{"line":136,"column":10},"skip":true},"32":{"start":{"line":130,"column":12},"end":{"line":130,"column":76},"skip":true},"33":{"start":{"line":131,"column":12},"end":{"line":131,"column":73},"skip":true},"34":{"start":{"line":132,"column":12},"end":{"line":132,"column":74},"skip":true},"35":{"start":{"line":133,"column":12},"end":{"line":133,"column":79},"skip":true},"36":{"start":{"line":134,"column":12},"end":{"line":134,"column":25},"skip":true},"37":{"start":{"line":135,"column":12},"end":{"line":135,"column":45},"skip":true},"38":{"start":{"line":138,"column":8},"end":{"line":145,"column":14},"skip":true},"39":{"start":{"line":143,"column":16},"end":{"line":143,"column":29},"skip":true},"40":{"start":{"line":144,"column":16},"end":{"line":144,"column":55},"skip":true},"41":{"start":{"line":147,"column":8},"end":{"line":156,"column":10},"skip":true},"42":{"start":{"line":154,"column":12},"end":{"line":154,"column":25},"skip":true},"43":{"start":{"line":155,"column":12},"end":{"line":155,"column":45},"skip":true},"44":{"start":{"line":158,"column":8},"end":{"line":167,"column":10},"skip":true},"45":{"start":{"line":165,"column":12},"end":{"line":165,"column":25},"skip":true},"46":{"start":{"line":166,"column":12},"end":{"line":166,"column":48},"skip":true},"47":{"start":{"line":169,"column":8},"end":{"line":178,"column":10},"skip":true},"48":{"start":{"line":176,"column":12},"end":{"line":176,"column":25},"skip":true},"49":{"start":{"line":177,"column":12},"end":{"line":177,"column":46},"skip":true},"50":{"start":{"line":180,"column":8},"end":{"line":189,"column":10},"skip":true},"51":{"start":{"line":187,"column":12},"end":{"line":187,"column":94},"skip":true},"52":{"start":{"line":188,"column":12},"end":{"line":188,"column":48},"skip":true},"53":{"start":{"line":192,"column":8},"end":{"line":192,"column":35},"skip":true},"54":{"start":{"line":193,"column":8},"end":{"line":193,"column":14},"skip":true}},"branchMap":{"1":{"line":25,"type":"binary-expr","locations":[{"start":{"line":25,"column":23},"end":{"line":25,"column":62}},{"start":{"line":26,"column":20},"end":{"line":26,"column":70}},{"start":{"line":27,"column":20},"end":{"line":27,"column":71}},{"start":{"line":28,"column":20},"end":{"line":28,"column":29}}]},"2":{"line":30,"type":"binary-expr","locations":[{"start":{"line":30,"column":23},"end":{"line":30,"column":37}},{"start":{"line":31,"column":20},"end":{"line":31,"column":61}},{"start":{"line":32,"column":20},"end":{"line":32,"column":70}},{"start":{"line":33,"column":20},"end":{"line":33,"column":26}}]},"3":{"line":37,"type":"cond-expr","locations":[{"start":{"line":38,"column":14},"end":{"line":38,"column":20}},{"start":{"line":39,"column":14},"end":{"line":39,"column":20}}]},"4":{"line":40,"type":"switch","locations":[{"start":{"line":42,"column":8},"end":{"line":47,"column":18}},{"start":{"line":49,"column":8},"end":{"line":52,"column":18}}]},"5":{"line":44,"type":"binary-expr","locations":[{"start":{"line":44,"column":16},"end":{"line":44,"column":44}},{"start":{"line":44,"column":48},"end":{"line":44,"column":66}}]},"6":{"line":50,"type":"binary-expr","locations":[{"start":{"line":50,"column":21},"end":{"line":50,"column":49}},{"start":{"line":50,"column":53},"end":{"line":50,"column":72}}]},"7":{"line":64,"type":"switch","locations":[{"start":{"line":69,"column":4},"end":{"line":70,"column":14}},{"start":{"line":75,"column":4},"end":{"line":76,"column":14}}]},"8":{"line":85,"type":"switch","locations":[{"start":{"line":90,"column":4},"end":{"line":105,"column":14}},{"start":{"line":111,"column":4},"end":{"line":193,"column":14},"skip":true}]},"9":{"line":91,"type":"binary-expr","locations":[{"start":{"line":91,"column":42},"end":{"line":91,"column":73}},{"start":{"line":91,"column":77},"end":{"line":99,"column":9}}]},"10":{"line":102,"type":"binary-expr","locations":[{"start":{"line":102,"column":18},"end":{"line":102,"column":32}},{"start":{"line":103,"column":12},"end":{"line":103,"column":53}},{"start":{"line":104,"column":12},"end":{"line":104,"column":61}}]},"11":{"line":112,"type":"binary-expr","locations":[{"start":{"line":112,"column":45},"end":{"line":112,"column":79},"skip":true},{"start":{"line":112,"column":83},"end":{"line":121,"column":9},"skip":true}]},"12":{"line":123,"type":"binary-expr","locations":[{"start":{"line":123,"column":42},"end":{"line":123,"column":73},"skip":true},{"start":{"line":123,"column":77},"end":{"line":136,"column":9},"skip":true}]},"13":{"line":138,"type":"binary-expr","locations":[{"start":{"line":138,"column":48},"end":{"line":138,"column":85},"skip":true},{"start":{"line":139,"column":12},"end":{"line":145,"column":13},"skip":true}]},"14":{"line":147,"type":"binary-expr","locations":[{"start":{"line":147,"column":42},"end":{"line":147,"column":73},"skip":true},{"start":{"line":147,"column":77},"end":{"line":156,"column":9},"skip":true}]},"15":{"line":158,"type":"binary-expr","locations":[{"start":{"line":158,"column":45},"end":{"line":158,"column":79},"skip":true},{"start":{"line":158,"column":83},"end":{"line":167,"column":9},"skip":true}]},"16":{"line":169,"type":"binary-expr","locations":[{"start":{"line":169,"column":43},"end":{"line":169,"column":75},"skip":true},{"start":{"line":169,"column":79},"end":{"line":178,"column":9},"skip":true}]},"17":{"line":180,"type":"binary-expr","locations":[{"start":{"line":180,"column":41},"end":{"line":180,"column":71},"skip":true},{"start":{"line":180,"column":75},"end":{"line":189,"column":9},"skip":true}]}},"code":["/* istanbul instrument in package npmtest_angular_translate */","/*jslint","    bitwise: true,","    browser: true,","    maxerr: 8,","    maxlen: 96,","    node: true,","    nomen: true,","    regexp: true,","    stupid: true","*/","(function () {","    'use strict';","    var local;","","","","    // run shared js-env code - pre-init","    (function () {","        // init local","        local = {};","        // init modeJs","        local.modeJs = (function () {","            try {","                return typeof navigator.userAgent === 'string' &&","                    typeof document.querySelector('body') === 'object' &&","                    typeof XMLHttpRequest.prototype.open === 'function' &&","                    'browser';","            } catch (errorCaughtBrowser) {","                return module.exports &&","                    typeof process.versions.node === 'string' &&","                    typeof require('http').createServer === 'function' &&","                    'node';","            }","        }());","        // init global","        local.global = local.modeJs === 'browser'","            ? window","            : global;","        switch (local.modeJs) {","        // re-init local from window.local","        case 'browser':","            local = local.global.utility2.objectSetDefault(","                local.global.utility2_rollup || local.global.local,","                local.global.utility2","            );","            break;","        // re-init local from example.js","        case 'node':","            local = (local.global.utility2_rollup || require('utility2'))","                .requireExampleJsFromReadme();","            break;","        }","        // export local","        local.global.local = local;","    }());","","","","    // run shared js-env code - function","    (function () {","        return;","    }());","    switch (local.modeJs) {","","","","    // run browser js-env code - function","    case 'browser':","        break;","","","","    // run node js-env code - function","    case 'node':","        break;","    }","","","","    // run shared js-env code - post-init","    (function () {","        return;","    }());","    switch (local.modeJs) {","","","","    // run browser js-env code - post-init","    case 'browser':","        local.testCase_browser_nullCase = local.testCase_browser_nullCase || function (","            options,","            onError","        ) {","        /*","         * this function will test browsers's null-case handling-behavior-behavior","         */","            onError(null, options);","        };","","        // run tests","        local.nop(local.modeTest &&","            document.querySelector('#testRunButton1') &&","            document.querySelector('#testRunButton1').click());","        break;","","","","    // run node js-env code - post-init","    /* istanbul ignore next */","    case 'node':","        local.testCase_buildApidoc_default = local.testCase_buildApidoc_default || function (","            options,","            onError","        ) {","        /*","         * this function will test buildApidoc's default handling-behavior-behavior","         */","            options = { modulePathList: module.paths };","            local.buildApidoc(options, onError);","        };","","        local.testCase_buildApp_default = local.testCase_buildApp_default || function (","            options,","            onError","        ) {","        /*","         * this function will test buildApp's default handling-behavior-behavior","         */","            local.testCase_buildReadme_default(options, local.onErrorThrow);","            local.testCase_buildLib_default(options, local.onErrorThrow);","            local.testCase_buildTest_default(options, local.onErrorThrow);","            local.testCase_buildCustomOrg_default(options, local.onErrorThrow);","            options = [];","            local.buildApp(options, onError);","        };","","        local.testCase_buildCustomOrg_default = local.testCase_buildCustomOrg_default ||","            function (options, onError) {","            /*","             * this function will test buildCustomOrg's default handling-behavior","             */","                options = {};","                local.buildCustomOrg(options, onError);","            };","","        local.testCase_buildLib_default = local.testCase_buildLib_default || function (","            options,","            onError","        ) {","        /*","         * this function will test buildLib's default handling-behavior","         */","            options = {};","            local.buildLib(options, onError);","        };","","        local.testCase_buildReadme_default = local.testCase_buildReadme_default || function (","            options,","            onError","        ) {","        /*","         * this function will test buildReadme's default handling-behavior-behavior","         */","            options = {};","            local.buildReadme(options, onError);","        };","","        local.testCase_buildTest_default = local.testCase_buildTest_default || function (","            options,","            onError","        ) {","        /*","         * this function will test buildTest's default handling-behavior","         */","            options = {};","            local.buildTest(options, onError);","        };","","        local.testCase_webpage_default = local.testCase_webpage_default || function (","            options,","            onError","        ) {","        /*","         * this function will test webpage's default handling-behavior","         */","            options = { modeCoverageMerge: true, url: local.serverLocalHost + '?modeTest=1' };","            local.browserTest(options, onError);","        };","","        // run test-server","        local.testRunServer(local);","        break;","    }","}());",""],"l":{"12":2,"14":2,"19":2,"21":2,"23":2,"24":2,"25":2,"30":1,"37":2,"40":2,"43":1,"47":1,"50":1,"52":1,"55":2,"61":2,"62":2,"64":2,"70":1,"76":1,"82":2,"83":2,"85":2,"91":1,"98":1,"102":1,"105":1,"112":1,"119":1,"120":1,"123":1,"130":1,"131":1,"132":1,"133":1,"134":1,"135":1,"138":1,"143":2,"144":2,"147":1,"154":2,"155":2,"158":1,"165":2,"166":2,"169":1,"176":2,"177":2,"180":1,"187":1,"188":1,"192":1,"193":1}},"/home/travis/build/npmtest/node-npmtest-angular-translate/lib.npmtest_angular_translate.js":{"path":"/home/travis/build/npmtest/node-npmtest-angular-translate/lib.npmtest_angular_translate.js","s":{"1":2,"2":2,"3":2,"4":2,"5":2,"6":2,"7":2,"8":1,"9":2,"10":2,"11":2,"12":2,"13":1,"14":1,"15":1,"16":1},"b":{"1":[2,1,1,1],"2":[1,1,1,1],"3":[1,1],"4":[2,2],"5":[1,1]},"f":{"1":2,"2":2,"3":2},"fnMap":{"1":{"name":"(anonymous_1)","line":12,"loc":{"start":{"line":12,"column":1},"end":{"line":12,"column":13}}},"2":{"name":"(anonymous_2)","line":19,"loc":{"start":{"line":19,"column":5},"end":{"line":19,"column":17}}},"3":{"name":"(anonymous_3)","line":23,"loc":{"start":{"line":23,"column":24},"end":{"line":23,"column":36}}}},"statementMap":{"1":{"start":{"line":12,"column":0},"end":{"line":53,"column":5}},"2":{"start":{"line":14,"column":4},"end":{"line":14,"column":14}},"3":{"start":{"line":19,"column":4},"end":{"line":52,"column":9}},"4":{"start":{"line":21,"column":8},"end":{"line":21,"column":19}},"5":{"start":{"line":23,"column":8},"end":{"line":35,"column":13}},"6":{"start":{"line":24,"column":12},"end":{"line":34,"column":13}},"7":{"start":{"line":25,"column":16},"end":{"line":28,"column":30}},"8":{"start":{"line":30,"column":16},"end":{"line":33,"column":27}},"9":{"start":{"line":37,"column":8},"end":{"line":39,"column":21}},"10":{"start":{"line":41,"column":8},"end":{"line":41,"column":54}},"11":{"start":{"line":43,"column":8},"end":{"line":43,"column":62}},"12":{"start":{"line":45,"column":8},"end":{"line":51,"column":9}},"13":{"start":{"line":46,"column":12},"end":{"line":46,"column":68}},"14":{"start":{"line":48,"column":12},"end":{"line":48,"column":35}},"15":{"start":{"line":49,"column":12},"end":{"line":49,"column":49}},"16":{"start":{"line":50,"column":12},"end":{"line":50,"column":43}}},"branchMap":{"1":{"line":25,"type":"binary-expr","locations":[{"start":{"line":25,"column":23},"end":{"line":25,"column":62}},{"start":{"line":26,"column":20},"end":{"line":26,"column":70}},{"start":{"line":27,"column":20},"end":{"line":27,"column":71}},{"start":{"line":28,"column":20},"end":{"line":28,"column":29}}]},"2":{"line":30,"type":"binary-expr","locations":[{"start":{"line":30,"column":23},"end":{"line":30,"column":37}},{"start":{"line":31,"column":20},"end":{"line":31,"column":61}},{"start":{"line":32,"column":20},"end":{"line":32,"column":70}},{"start":{"line":33,"column":20},"end":{"line":33,"column":26}}]},"3":{"line":37,"type":"cond-expr","locations":[{"start":{"line":38,"column":14},"end":{"line":38,"column":20}},{"start":{"line":39,"column":14},"end":{"line":39,"column":20}}]},"4":{"line":41,"type":"binary-expr","locations":[{"start":{"line":41,"column":16},"end":{"line":41,"column":44}},{"start":{"line":41,"column":48},"end":{"line":41,"column":53}}]},"5":{"line":45,"type":"if","locations":[{"start":{"line":45,"column":8},"end":{"line":45,"column":8}},{"start":{"line":45,"column":8},"end":{"line":45,"column":8}}]}},"code":["/* istanbul instrument in package npmtest_angular_translate */","/*jslint","    bitwise: true,","    browser: true,","    maxerr: 8,","    maxlen: 96,","    node: true,","    nomen: true,","    regexp: true,","    stupid: true","*/","(function () {","    'use strict';","    var local;","","","","    // run shared js-env code - pre-init","    (function () {","        // init local","        local = {};","        // init modeJs","        local.modeJs = (function () {","            try {","                return typeof navigator.userAgent === 'string' &&","                    typeof document.querySelector('body') === 'object' &&","                    typeof XMLHttpRequest.prototype.open === 'function' &&","                    'browser';","            } catch (errorCaughtBrowser) {","                return module.exports &&","                    typeof process.versions.node === 'string' &&","                    typeof require('http').createServer === 'function' &&","                    'node';","            }","        }());","        // init global","        local.global = local.modeJs === 'browser'","            ? window","            : global;","        // init utility2_rollup","        local = local.global.utility2_rollup || local;","        // init lib","        local.local = local.npmtest_angular_translate = local;","        // init exports","        if (local.modeJs === 'browser') {","            local.global.utility2_npmtest_angular_translate = local;","        } else {","            module.exports = local;","            module.exports.__dirname = __dirname;","            module.exports.module = module;","        }","    }());","}());",""],"l":{"12":2,"14":2,"19":2,"21":2,"23":2,"24":2,"25":2,"30":1,"37":2,"41":2,"43":2,"45":2,"46":1,"48":1,"49":1,"50":1}},"/home/travis/build/npmtest/node-npmtest-angular-translate/example.js":{"path":"/home/travis/build/npmtest/node-npmtest-angular-translate/example.js","s":{"1":2,"2":2,"3":2,"4":2,"5":2,"6":2,"7":2,"8":1,"9":2,"10":2,"11":2,"12":2,"13":1,"14":2,"15":2,"16":2,"17":2,"18":2,"19":0,"20":2,"21":1,"22":1,"23":1,"24":1,"25":1,"26":0,"27":0,"28":1,"29":1,"30":2,"31":0,"32":0,"33":0,"34":1,"35":2,"36":2,"37":3,"38":3,"39":3,"40":3,"41":0,"42":3,"43":3,"44":3,"45":1,"46":3,"47":1,"48":1,"49":1,"50":1,"51":1,"52":1,"53":1,"54":1,"55":1,"56":1,"57":0,"58":1,"59":6,"60":6,"61":1,"62":2,"63":0,"64":2,"65":1,"66":1,"67":0,"68":0,"69":0,"70":0,"71":0,"72":0,"73":0,"74":0,"75":0,"76":0,"77":0,"78":0,"79":0,"80":0,"81":0,"82":0,"83":0},"b":{"1":[2,1,1,1],"2":[1,1,1,1],"3":[1,1],"4":[2,2],"5":[1,1],"6":[1,1],"7":[2,0],"8":[2,1,1,1,1,1],"9":[0,2,0],"10":[1,1],"11":[2,1,1],"12":[1,0],"13":[0,2],"14":[2,0,0,0,0,0,0],"15":[0,3],"16":[3,0],"17":[1,1],"18":[0,1],"19":[1,2,0,2],"20":[1,0],"21":[1,1],"22":[0,0],"23":[0,0],"24":[0,0],"25":[0,0],"26":[0,0],"27":[0,0],"28":[0,0]},"f":{"1":2,"2":2,"3":2,"4":2,"5":2,"6":2,"7":3,"8":3,"9":3,"10":1,"11":6,"12":0},"fnMap":{"1":{"name":"(anonymous_1)","line":26,"loc":{"start":{"line":26,"column":1},"end":{"line":26,"column":13}}},"2":{"name":"(anonymous_2)","line":33,"loc":{"start":{"line":33,"column":5},"end":{"line":33,"column":17}}},"3":{"name":"(anonymous_3)","line":37,"loc":{"start":{"line":37,"column":24},"end":{"line":37,"column":36}}},"4":{"name":"(anonymous_4)","line":69,"loc":{"start":{"line":69,"column":31},"end":{"line":69,"column":48}},"skip":true},"5":{"name":"(anonymous_5)","line":78,"loc":{"start":{"line":78,"column":26},"end":{"line":78,"column":45}},"skip":true},"6":{"name":"(anonymous_6)","line":123,"loc":{"start":{"line":123,"column":33},"end":{"line":123,"column":48}},"skip":true},"7":{"name":"(anonymous_7)","line":125,"loc":{"start":{"line":125,"column":27},"end":{"line":125,"column":39}},"skip":true},"8":{"name":"(anonymous_8)","line":133,"loc":{"start":{"line":133,"column":59},"end":{"line":133,"column":74}},"skip":true},"9":{"name":"(anonymous_9)","line":143,"loc":{"start":{"line":143,"column":45},"end":{"line":143,"column":62}},"skip":true},"10":{"name":"(anonymous_10)","line":144,"loc":{"start":{"line":144,"column":73},"end":{"line":144,"column":92}},"skip":true},"11":{"name":"(anonymous_11)","line":272,"loc":{"start":{"line":272,"column":51},"end":{"line":272,"column":77}},"skip":true},"12":{"name":"(anonymous_12)","line":315,"loc":{"start":{"line":315,"column":32},"end":{"line":315,"column":61}},"skip":true}},"statementMap":{"1":{"start":{"line":26,"column":0},"end":{"line":326,"column":5}},"2":{"start":{"line":28,"column":4},"end":{"line":28,"column":14}},"3":{"start":{"line":33,"column":4},"end":{"line":60,"column":9}},"4":{"start":{"line":35,"column":8},"end":{"line":35,"column":19}},"5":{"start":{"line":37,"column":8},"end":{"line":49,"column":13}},"6":{"start":{"line":38,"column":12},"end":{"line":48,"column":13}},"7":{"start":{"line":39,"column":16},"end":{"line":42,"column":30}},"8":{"start":{"line":44,"column":16},"end":{"line":47,"column":27}},"9":{"start":{"line":51,"column":8},"end":{"line":53,"column":21}},"10":{"start":{"line":55,"column":8},"end":{"line":57,"column":45}},"11":{"start":{"line":59,"column":8},"end":{"line":59,"column":35}},"12":{"start":{"line":61,"column":4},"end":{"line":325,"column":5}},"13":{"start":{"line":69,"column":8},"end":{"line":121,"column":10},"skip":true},"14":{"start":{"line":70,"column":12},"end":{"line":88,"column":13},"skip":true},"15":{"start":{"line":76,"column":16},"end":{"line":87,"column":19},"skip":true},"16":{"start":{"line":79,"column":20},"end":{"line":86,"column":21},"skip":true},"17":{"start":{"line":82,"column":24},"end":{"line":82,"column":43},"skip":true},"18":{"start":{"line":83,"column":24},"end":{"line":83,"column":30},"skip":true},"19":{"start":{"line":85,"column":24},"end":{"line":85,"column":49},"skip":true},"20":{"start":{"line":89,"column":12},"end":{"line":107,"column":13},"skip":true},"21":{"start":{"line":92,"column":16},"end":{"line":102,"column":17},"skip":true},"22":{"start":{"line":93,"column":20},"end":{"line":93,"column":86},"skip":true},"23":{"start":{"line":94,"column":20},"end":{"line":95,"column":45},"skip":true},"24":{"start":{"line":96,"column":20},"end":{"line":96,"column":42},"skip":true},"25":{"start":{"line":97,"column":20},"end":{"line":97,"column":48},"skip":true},"26":{"start":{"line":100,"column":20},"end":{"line":100,"column":85},"skip":true},"27":{"start":{"line":101,"column":20},"end":{"line":101,"column":96},"skip":true},"28":{"start":{"line":103,"column":16},"end":{"line":103,"column":22},"skip":true},"29":{"start":{"line":106,"column":16},"end":{"line":106,"column":22},"skip":true},"30":{"start":{"line":108,"column":12},"end":{"line":120,"column":13},"skip":true},"31":{"start":{"line":114,"column":16},"end":{"line":119,"column":17},"skip":true},"32":{"start":{"line":116,"column":20},"end":{"line":116,"column":78},"skip":true},"33":{"start":{"line":118,"column":20},"end":{"line":118,"column":47},"skip":true},"34":{"start":{"line":123,"column":8},"end":{"line":141,"column":11},"skip":true},"35":{"start":{"line":124,"column":12},"end":{"line":124,"column":54},"skip":true},"36":{"start":{"line":125,"column":12},"end":{"line":140,"column":14},"skip":true},"37":{"start":{"line":126,"column":16},"end":{"line":126,"column":28},"skip":true},"38":{"start":{"line":127,"column":16},"end":{"line":127,"column":69},"skip":true},"39":{"start":{"line":128,"column":16},"end":{"line":128,"column":75},"skip":true},"40":{"start":{"line":129,"column":16},"end":{"line":131,"column":17},"skip":true},"41":{"start":{"line":130,"column":20},"end":{"line":130,"column":27},"skip":true},"42":{"start":{"line":133,"column":16},"end":{"line":137,"column":36},"skip":true},"43":{"start":{"line":134,"column":20},"end":{"line":136,"column":55},"skip":true},"44":{"start":{"line":139,"column":16},"end":{"line":139,"column":57},"skip":true},"45":{"start":{"line":143,"column":8},"end":{"line":147,"column":11},"skip":true},"46":{"start":{"line":144,"column":12},"end":{"line":146,"column":15},"skip":true},"47":{"start":{"line":145,"column":16},"end":{"line":145,"column":70},"skip":true},"48":{"start":{"line":149,"column":8},"end":{"line":149,"column":31},"skip":true},"49":{"start":{"line":150,"column":8},"end":{"line":150,"column":14},"skip":true},"50":{"start":{"line":158,"column":8},"end":{"line":158,"column":31},"skip":true},"51":{"start":{"line":160,"column":8},"end":{"line":160,"column":33},"skip":true},"52":{"start":{"line":161,"column":8},"end":{"line":161,"column":37},"skip":true},"53":{"start":{"line":162,"column":8},"end":{"line":162,"column":35},"skip":true},"54":{"start":{"line":164,"column":8},"end":{"line":164,"column":50},"skip":true},"55":{"start":{"line":166,"column":8},"end":{"line":256,"column":2},"skip":true},"56":{"start":{"line":258,"column":8},"end":{"line":286,"column":9},"skip":true},"57":{"start":{"line":259,"column":12},"end":{"line":269,"column":14},"skip":true},"58":{"start":{"line":271,"column":12},"end":{"line":285,"column":19},"skip":true},"59":{"start":{"line":274,"column":20},"end":{"line":274,"column":35},"skip":true},"60":{"start":{"line":275,"column":20},"end":{"line":284,"column":21},"skip":true},"61":{"start":{"line":277,"column":24},"end":{"line":277,"column":64},"skip":true},"62":{"start":{"line":279,"column":24},"end":{"line":279,"column":40},"skip":true},"63":{"start":{"line":281,"column":24},"end":{"line":281,"column":40},"skip":true},"64":{"start":{"line":283,"column":24},"end":{"line":283,"column":39},"skip":true},"65":{"start":{"line":288,"column":8},"end":{"line":290,"column":9},"skip":true},"66":{"start":{"line":289,"column":12},"end":{"line":289,"column":18},"skip":true},"67":{"start":{"line":291,"column":8},"end":{"line":293,"column":54},"skip":true},"68":{"start":{"line":296,"column":8},"end":{"line":301,"column":37},"skip":true},"69":{"start":{"line":303,"column":8},"end":{"line":303,"column":82},"skip":true},"70":{"start":{"line":306,"column":8},"end":{"line":308,"column":9},"skip":true},"71":{"start":{"line":307,"column":12},"end":{"line":307,"column":82},"skip":true},"72":{"start":{"line":310,"column":8},"end":{"line":312,"column":9},"skip":true},"73":{"start":{"line":311,"column":12},"end":{"line":311,"column":18},"skip":true},"74":{"start":{"line":313,"column":8},"end":{"line":313,"column":54},"skip":true},"75":{"start":{"line":314,"column":8},"end":{"line":314,"column":69},"skip":true},"76":{"start":{"line":315,"column":8},"end":{"line":323,"column":36},"skip":true},"77":{"start":{"line":316,"column":12},"end":{"line":316,"column":61},"skip":true},"78":{"start":{"line":317,"column":12},"end":{"line":320,"column":13},"skip":true},"79":{"start":{"line":318,"column":16},"end":{"line":318,"column":75},"skip":true},"80":{"start":{"line":319,"column":16},"end":{"line":319,"column":23},"skip":true},"81":{"start":{"line":321,"column":12},"end":{"line":321,"column":38},"skip":true},"82":{"start":{"line":322,"column":12},"end":{"line":322,"column":27},"skip":true},"83":{"start":{"line":324,"column":8},"end":{"line":324,"column":14},"skip":true}},"branchMap":{"1":{"line":39,"type":"binary-expr","locations":[{"start":{"line":39,"column":23},"end":{"line":39,"column":62}},{"start":{"line":40,"column":20},"end":{"line":40,"column":70}},{"start":{"line":41,"column":20},"end":{"line":41,"column":71}},{"start":{"line":42,"column":20},"end":{"line":42,"column":29}}]},"2":{"line":44,"type":"binary-expr","locations":[{"start":{"line":44,"column":23},"end":{"line":44,"column":37}},{"start":{"line":45,"column":20},"end":{"line":45,"column":61}},{"start":{"line":46,"column":20},"end":{"line":46,"column":70}},{"start":{"line":47,"column":20},"end":{"line":47,"column":26}}]},"3":{"line":51,"type":"cond-expr","locations":[{"start":{"line":52,"column":14},"end":{"line":52,"column":20}},{"start":{"line":53,"column":14},"end":{"line":53,"column":20}}]},"4":{"line":55,"type":"binary-expr","locations":[{"start":{"line":55,"column":16},"end":{"line":55,"column":44}},{"start":{"line":55,"column":49},"end":{"line":57,"column":43}}]},"5":{"line":55,"type":"cond-expr","locations":[{"start":{"line":56,"column":14},"end":{"line":56,"column":61}},{"start":{"line":57,"column":14},"end":{"line":57,"column":43}}]},"6":{"line":61,"type":"switch","locations":[{"start":{"line":68,"column":4},"end":{"line":150,"column":14},"skip":true},{"start":{"line":156,"column":4},"end":{"line":324,"column":14},"skip":true}]},"7":{"line":70,"type":"if","locations":[{"start":{"line":70,"column":12},"end":{"line":70,"column":12},"skip":true},{"start":{"line":70,"column":12},"end":{"line":70,"column":12},"skip":true}]},"8":{"line":70,"type":"binary-expr","locations":[{"start":{"line":70,"column":16},"end":{"line":70,"column":22},"skip":true},{"start":{"line":70,"column":27},"end":{"line":70,"column":32},"skip":true},{"start":{"line":71,"column":20},"end":{"line":71,"column":39},"skip":true},{"start":{"line":72,"column":20},"end":{"line":72,"column":49},"skip":true},{"start":{"line":73,"column":20},"end":{"line":73,"column":58},"skip":true},{"start":{"line":74,"column":20},"end":{"line":74,"column":69},"skip":true}]},"9":{"line":79,"type":"switch","locations":[{"start":{"line":80,"column":20},"end":{"line":80,"column":33},"skip":true},{"start":{"line":81,"column":20},"end":{"line":83,"column":30},"skip":true},{"start":{"line":84,"column":20},"end":{"line":85,"column":49},"skip":true}]},"10":{"line":89,"type":"switch","locations":[{"start":{"line":90,"column":12},"end":{"line":103,"column":22},"skip":true},{"start":{"line":105,"column":12},"end":{"line":106,"column":22},"skip":true}]},"11":{"line":89,"type":"binary-expr","locations":[{"start":{"line":89,"column":20},"end":{"line":89,"column":25},"skip":true},{"start":{"line":89,"column":29},"end":{"line":89,"column":48},"skip":true},{"start":{"line":89,"column":52},"end":{"line":89,"column":74},"skip":true}]},"12":{"line":92,"type":"if","locations":[{"start":{"line":92,"column":16},"end":{"line":92,"column":16},"skip":true},{"start":{"line":92,"column":16},"end":{"line":92,"column":16},"skip":true}]},"13":{"line":108,"type":"if","locations":[{"start":{"line":108,"column":12},"end":{"line":108,"column":12},"skip":true},{"start":{"line":108,"column":12},"end":{"line":108,"column":12},"skip":true}]},"14":{"line":108,"type":"binary-expr","locations":[{"start":{"line":108,"column":16},"end":{"line":108,"column":61},"skip":true},{"start":{"line":108,"column":66},"end":{"line":108,"column":72},"skip":true},{"start":{"line":108,"column":77},"end":{"line":108,"column":82},"skip":true},{"start":{"line":109,"column":20},"end":{"line":109,"column":39},"skip":true},{"start":{"line":110,"column":20},"end":{"line":110,"column":49},"skip":true},{"start":{"line":111,"column":20},"end":{"line":111,"column":58},"skip":true},{"start":{"line":112,"column":20},"end":{"line":112,"column":68},"skip":true}]},"15":{"line":129,"type":"if","locations":[{"start":{"line":129,"column":16},"end":{"line":129,"column":16},"skip":true},{"start":{"line":129,"column":16},"end":{"line":129,"column":16},"skip":true}]},"16":{"line":134,"type":"cond-expr","locations":[{"start":{"line":135,"column":26},"end":{"line":135,"column":29},"skip":true},{"start":{"line":136,"column":26},"end":{"line":136,"column":54},"skip":true}]},"17":{"line":164,"type":"binary-expr","locations":[{"start":{"line":164,"column":27},"end":{"line":164,"column":43},"skip":true},{"start":{"line":164,"column":47},"end":{"line":164,"column":49},"skip":true}]},"18":{"line":258,"type":"if","locations":[{"start":{"line":258,"column":8},"end":{"line":258,"column":8},"skip":true},{"start":{"line":258,"column":8},"end":{"line":258,"column":8},"skip":true}]},"19":{"line":275,"type":"switch","locations":[{"start":{"line":276,"column":20},"end":{"line":277,"column":64},"skip":true},{"start":{"line":278,"column":20},"end":{"line":279,"column":40},"skip":true},{"start":{"line":280,"column":20},"end":{"line":281,"column":40},"skip":true},{"start":{"line":282,"column":20},"end":{"line":283,"column":39},"skip":true}]},"20":{"line":288,"type":"if","locations":[{"start":{"line":288,"column":8},"end":{"line":288,"column":8},"skip":true},{"start":{"line":288,"column":8},"end":{"line":288,"column":8},"skip":true}]},"21":{"line":288,"type":"binary-expr","locations":[{"start":{"line":288,"column":12},"end":{"line":288,"column":40},"skip":true},{"start":{"line":288,"column":44},"end":{"line":288,"column":67},"skip":true}]},"22":{"line":292,"type":"binary-expr","locations":[{"start":{"line":292,"column":12},"end":{"line":292,"column":50},"skip":true},{"start":{"line":293,"column":12},"end":{"line":293,"column":53},"skip":true}]},"23":{"line":297,"type":"binary-expr","locations":[{"start":{"line":297,"column":12},"end":{"line":297,"column":75},"skip":true},{"start":{"line":298,"column":12},"end":{"line":301,"column":36},"skip":true}]},"24":{"line":303,"type":"binary-expr","locations":[{"start":{"line":303,"column":43},"end":{"line":303,"column":75},"skip":true},{"start":{"line":303,"column":79},"end":{"line":303,"column":81},"skip":true}]},"25":{"line":306,"type":"if","locations":[{"start":{"line":306,"column":8},"end":{"line":306,"column":8},"skip":true},{"start":{"line":306,"column":8},"end":{"line":306,"column":8},"skip":true}]},"26":{"line":310,"type":"if","locations":[{"start":{"line":310,"column":8},"end":{"line":310,"column":8},"skip":true},{"start":{"line":310,"column":8},"end":{"line":310,"column":8},"skip":true}]},"27":{"line":313,"type":"binary-expr","locations":[{"start":{"line":313,"column":27},"end":{"line":313,"column":43},"skip":true},{"start":{"line":313,"column":47},"end":{"line":313,"column":53},"skip":true}]},"28":{"line":317,"type":"if","locations":[{"start":{"line":317,"column":12},"end":{"line":317,"column":12},"skip":true},{"start":{"line":317,"column":12},"end":{"line":317,"column":12},"skip":true}]}},"code":["/*","example.js","","quickstart example","","instruction","    1. save this script as example.js","    2. run the shell command:","        $ npm install npmtest-angular-translate && PORT=8081 node example.js","    3. play with the browser-demo on http://127.0.0.1:8081","*/","","","","/* istanbul instrument in package npmtest_angular_translate */","/*jslint","    bitwise: true,","    browser: true,","    maxerr: 8,","    maxlen: 96,","    node: true,","    nomen: true,","    regexp: true,","    stupid: true","*/","(function () {","    'use strict';","    var local;","","","","    // run shared js-env code - pre-init","    (function () {","        // init local","        local = {};","        // init modeJs","        local.modeJs = (function () {","            try {","                return typeof navigator.userAgent === 'string' &&","                    typeof document.querySelector('body') === 'object' &&","                    typeof XMLHttpRequest.prototype.open === 'function' &&","                    'browser';","            } catch (errorCaughtBrowser) {","                return module.exports &&","                    typeof process.versions.node === 'string' &&","                    typeof require('http').createServer === 'function' &&","                    'node';","            }","        }());","        // init global","        local.global = local.modeJs === 'browser'","            ? window","            : global;","        // init utility2_rollup","        local = local.global.utility2_rollup || (local.modeJs === 'browser'","            ? local.global.utility2_npmtest_angular_translate","            : global.utility2_moduleExports);","        // export local","        local.global.local = local;","    }());","    switch (local.modeJs) {","","","","    // post-init","    // run browser js-env code - post-init","    /* istanbul ignore next */","    case 'browser':","        local.testRunBrowser = function (event) {","            if (!event || (event &&","                    event.currentTarget &&","                    event.currentTarget.className &&","                    event.currentTarget.className.includes &&","                    event.currentTarget.className.includes('onreset'))) {","                // reset output","                Array.from(","                    document.querySelectorAll('body > .resettable')","                ).forEach(function (element) {","                    switch (element.tagName) {","                    case 'INPUT':","                    case 'TEXTAREA':","                        element.value = '';","                        break;","                    default:","                        element.textContent = '';","                    }","                });","            }","            switch (event && event.currentTarget && event.currentTarget.id) {","            case 'testRunButton1':","                // show tests","                if (document.querySelector('#testReportDiv1').style.display === 'none') {","                    document.querySelector('#testReportDiv1').style.display = 'block';","                    document.querySelector('#testRunButton1').textContent =","                        'hide internal test';","                    local.modeTest = true;","                    local.testRunDefault(local);","                // hide tests","                } else {","                    document.querySelector('#testReportDiv1').style.display = 'none';","                    document.querySelector('#testRunButton1').textContent = 'run internal test';","                }","                break;","            // custom-case","            default:","                break;","            }","            if (document.querySelector('#inputTextareaEval1') && (!event || (event &&","                    event.currentTarget &&","                    event.currentTarget.className &&","                    event.currentTarget.className.includes &&","                    event.currentTarget.className.includes('oneval')))) {","                // try to eval input-code","                try {","                    /*jslint evil: true*/","                    eval(document.querySelector('#inputTextareaEval1').value);","                } catch (errorCaught) {","                    console.error(errorCaught);","                }","            }","        };","        // log stderr and stdout to #outputTextareaStdout1","        ['error', 'log'].forEach(function (key) {","            console[key + '_original'] = console[key];","            console[key] = function () {","                var element;","                console[key + '_original'].apply(console, arguments);","                element = document.querySelector('#outputTextareaStdout1');","                if (!element) {","                    return;","                }","                // append text to #outputTextareaStdout1","                element.value += Array.from(arguments).map(function (arg) {","                    return typeof arg === 'string'","                        ? arg","                        : JSON.stringify(arg, null, 4);","                }).join(' ') + '\\n';","                // scroll textarea to bottom","                element.scrollTop = element.scrollHeight;","            };","        });","        // init event-handling","        ['change', 'click', 'keyup'].forEach(function (event) {","            Array.from(document.querySelectorAll('.on' + event)).forEach(function (element) {","                element.addEventListener(event, local.testRunBrowser);","            });","        });","        // run tests","        local.testRunBrowser();","        break;","","","","    // run node js-env code - post-init","    /* istanbul ignore next */","    case 'node':","        // export local","        module.exports = local;","        // require modules","        local.fs = require('fs');","        local.http = require('http');","        local.url = require('url');","        // init assets","        local.assetsDict = local.assetsDict || {};","        /* jslint-ignore-begin */","        local.assetsDict['/assets.index.template.html'] = '\\","<!doctype html>\\n\\","<html lang=\"en\">\\n\\","<head>\\n\\","<meta charset=\"UTF-8\">\\n\\","<meta name=\"viewport\" content=\"width=device-width, initial-scale=1\">\\n\\","<title>{{env.npm_package_name}} (v{{env.npm_package_version}})</title>\\n\\","<style>\\n\\","/*csslint\\n\\","    box-sizing: false,\\n\\","    universal-selector: false\\n\\","*/\\n\\","* {\\n\\","    box-sizing: border-box;\\n\\","}\\n\\","body {\\n\\","    background: #dde;\\n\\","    font-family: Arial, Helvetica, sans-serif;\\n\\","    margin: 2rem;\\n\\","}\\n\\","body > * {\\n\\","    margin-bottom: 1rem;\\n\\","}\\n\\",".utility2FooterDiv {\\n\\","    margin-top: 20px;\\n\\","    text-align: center;\\n\\","}\\n\\","</style>\\n\\","<style>\\n\\","/*csslint\\n\\","*/\\n\\","textarea {\\n\\","    font-family: monospace;\\n\\","    height: 10rem;\\n\\","    width: 100%;\\n\\","}\\n\\","textarea[readonly] {\\n\\","    background: #ddd;\\n\\","}\\n\\","</style>\\n\\","</head>\\n\\","<body>\\n\\","<!-- utility2-comment\\n\\","<div id=\"ajaxProgressDiv1\" style=\"background: #d00; height: 2px; left: 0; margin: 0; padding: 0; position: fixed; top: 0; transition: background 0.5s, width 1.5s; width: 25%;\"></div>\\n\\","utility2-comment -->\\n\\","<h1>\\n\\","<!-- utility2-comment\\n\\","    <a\\n\\","        {{#if env.npm_package_homepage}}\\n\\","        href=\"{{env.npm_package_homepage}}\"\\n\\","        {{/if env.npm_package_homepage}}\\n\\","        target=\"_blank\"\\n\\","    >\\n\\","utility2-comment -->\\n\\","        {{env.npm_package_name}} (v{{env.npm_package_version}})\\n\\","<!-- utility2-comment\\n\\","    </a>\\n\\","utility2-comment -->\\n\\","</h1>\\n\\","<h3>{{env.npm_package_description}}</h3>\\n\\","<!-- utility2-comment\\n\\","<h4><a download href=\"assets.app.js\">download standalone app</a></h4>\\n\\","<button class=\"onclick onreset\" id=\"testRunButton1\">run internal test</button><br>\\n\\","<div id=\"testReportDiv1\" style=\"display: none;\"></div>\\n\\","utility2-comment -->\\n\\","\\n\\","\\n\\","\\n\\","<label>stderr and stdout</label>\\n\\","<textarea class=\"resettable\" id=\"outputTextareaStdout1\" readonly></textarea>\\n\\","<!-- utility2-comment\\n\\","{{#if isRollup}}\\n\\","<script src=\"assets.app.js\"></script>\\n\\","{{#unless isRollup}}\\n\\","utility2-comment -->\\n\\","<script src=\"assets.utility2.rollup.js\"></script>\\n\\","<script src=\"jsonp.utility2._stateInit?callback=window.utility2._stateInit\"></script>\\n\\","<script src=\"assets.npmtest_angular_translate.rollup.js\"></script>\\n\\","<script src=\"assets.example.js\"></script>\\n\\","<script src=\"assets.test.js\"></script>\\n\\","<!-- utility2-comment\\n\\","{{/if isRollup}}\\n\\","utility2-comment -->\\n\\","<div class=\"utility2FooterDiv\">\\n\\","    [ this app was created with\\n\\","    <a href=\"https://github.com/kaizhu256/node-utility2\" target=\"_blank\">utility2</a>\\n\\","    ]\\n\\","</div>\\n\\","</body>\\n\\","</html>\\n\\","';","        /* jslint-ignore-end */","        if (local.templateRender) {","            local.assetsDict['/'] = local.templateRender(","                local.assetsDict['/assets.index.template.html'],","                {","                    env: local.objectSetDefault(local.env, {","                        npm_package_description: 'the greatest app in the world!',","                        npm_package_name: 'my-app',","                        npm_package_nameAlias: 'my_app',","                        npm_package_version: '0.0.1'","                    })","                }","            );","        } else {","            local.assetsDict['/'] = local.assetsDict['/assets.index.template.html']","                .replace((/\\{\\{env\\.(\\w+?)\\}\\}/g), function (match0, match1) {","                    // jslint-hack","                    String(match0);","                    switch (match1) {","                    case 'npm_package_description':","                        return 'the greatest app in the world!';","                    case 'npm_package_name':","                        return 'my-app';","                    case 'npm_package_nameAlias':","                        return 'my_app';","                    case 'npm_package_version':","                        return '0.0.1';","                    }","                });","        }","        // run the cli","        if (local.global.utility2_rollup || module !== require.main) {","            break;","        }","        local.assetsDict['/assets.example.js'] =","            local.assetsDict['/assets.example.js'] ||","            local.fs.readFileSync(__filename, 'utf8');","        // bug-workaround - long $npm_package_buildCustomOrg","        /* jslint-ignore-begin */","        local.assetsDict['/assets.npmtest_angular_translate.rollup.js'] =","            local.assetsDict['/assets.npmtest_angular_translate.rollup.js'] ||","            local.fs.readFileSync(","                local.npmtest_angular_translate.__dirname + '/lib.npmtest_angular_translate.js',","                'utf8'","            ).replace((/^#!/), '//');","        /* jslint-ignore-end */","        local.assetsDict['/favicon.ico'] = local.assetsDict['/favicon.ico'] || '';","        // if $npm_config_timeout_exit exists,","        // then exit this process after $npm_config_timeout_exit ms","        if (Number(process.env.npm_config_timeout_exit)) {","            setTimeout(process.exit, Number(process.env.npm_config_timeout_exit));","        }","        // start server","        if (local.global.utility2_serverHttp1) {","            break;","        }","        process.env.PORT = process.env.PORT || '8081';","        console.error('server starting on port ' + process.env.PORT);","        local.http.createServer(function (request, response) {","            request.urlParsed = local.url.parse(request.url);","            if (local.assetsDict[request.urlParsed.pathname] !== undefined) {","                response.end(local.assetsDict[request.urlParsed.pathname]);","                return;","            }","            response.statusCode = 404;","            response.end();","        }).listen(process.env.PORT);","        break;","    }","}());",""],"l":{"26":2,"28":2,"33":2,"35":2,"37":2,"38":2,"39":2,"44":1,"51":2,"55":2,"59":2,"61":2,"69":1,"70":2,"76":2,"79":2,"82":2,"83":2,"85":1,"89":2,"92":1,"93":1,"94":1,"96":1,"97":1,"100":1,"101":1,"103":1,"106":1,"108":2,"114":1,"116":1,"118":1,"123":1,"124":2,"125":2,"126":3,"127":3,"128":3,"129":3,"130":1,"133":3,"134":3,"139":3,"143":1,"144":3,"145":1,"149":1,"150":1,"158":1,"160":1,"161":1,"162":1,"164":1,"166":1,"258":1,"259":1,"271":1,"274":6,"275":6,"277":1,"279":2,"281":1,"283":2,"288":1,"289":1,"291":1,"296":1,"303":1,"306":1,"307":1,"310":1,"311":1,"313":1,"314":1,"315":1,"316":1,"317":1,"318":1,"319":1,"321":1,"322":1,"324":1}},"/home/travis/build/npmtest/node-npmtest-angular-translate/node_modules/angular-translate/dist/angular-translate.js":{"path":"/home/travis/build/npmtest/node-npmtest-angular-translate/node_modules/angular-translate/dist/angular-translate.js","s":{"1":2,"2":2,"3":0,"4":0,"5":2,"6":2,"7":0,"8":2,"9":2,"10":2,"11":2,"12":2,"13":2,"14":2,"15":2,"16":2,"17":1,"18":0,"19":0,"20":0,"21":0,"22":0,"23":0,"24":0,"25":0,"26":0,"27":0,"28":0,"29":0,"30":0,"31":0,"32":0,"33":1,"34":0,"35":0,"36":0,"37":0,"38":0,"39":0,"40":0,"41":0,"42":0,"43":0,"44":0,"45":0,"46":0,"47":0,"48":0,"49":0,"50":0,"51":0,"52":0,"53":0,"54":0,"55":0,"56":0,"57":0,"58":0,"59":0,"60":0,"61":0,"62":0,"63":0,"64":0,"65":0,"66":0,"67":0,"68":0,"69":0,"70":0,"71":0,"72":0,"73":0,"74":0,"75":0,"76":0,"77":0,"78":0,"79":0,"80":0,"81":0,"82":0,"83":0,"84":0,"85":0,"86":0,"87":0,"88":0,"89":0,"90":0,"91":0,"92":0,"93":0,"94":0,"95":0,"96":0,"97":0,"98":0,"99":0,"100":0,"101":0,"102":0,"103":0,"104":0,"105":0,"106":0,"107":0,"108":0,"109":0,"110":0,"111":0,"112":0,"113":0,"114":0,"115":0,"116":0,"117":0,"118":0,"119":0,"120":0,"121":0,"122":0,"123":0,"124":0,"125":0,"126":0,"127":0,"128":0,"129":0,"130":0,"131":0,"132":0,"133":0,"134":0,"135":0,"136":0,"137":0,"138":0,"139":0,"140":1,"141":0,"142":0,"143":0,"144":0,"145":0,"146":0,"147":0,"148":0,"149":0,"150":0,"151":0,"152":0,"153":0,"154":0,"155":0,"156":0,"157":0,"158":0,"159":0,"160":0,"161":0,"162":0,"163":0,"164":0,"165":0,"166":0,"167":0,"168":0,"169":0,"170":0,"171":0,"172":0,"173":0,"174":0,"175":0,"176":0,"177":0,"178":0,"179":0,"180":0,"181":0,"182":0,"183":0,"184":0,"185":0,"186":0,"187":0,"188":0,"189":0,"190":0,"191":0,"192":0,"193":0,"194":0,"195":0,"196":0,"197":0,"198":0,"199":0,"200":0,"201":0,"202":0,"203":0,"204":0,"205":0,"206":0,"207":0,"208":0,"209":0,"210":0,"211":0,"212":0,"213":0,"214":0,"215":0,"216":0,"217":0,"218":0,"219":0,"220":0,"221":0,"222":0,"223":0,"224":0,"225":0,"226":0,"227":0,"228":0,"229":0,"230":0,"231":0,"232":0,"233":0,"234":0,"235":0,"236":0,"237":0,"238":0,"239":0,"240":0,"241":0,"242":0,"243":0,"244":0,"245":0,"246":0,"247":0,"248":0,"249":0,"250":0,"251":0,"252":0,"253":0,"254":0,"255":0,"256":0,"257":0,"258":0,"259":0,"260":0,"261":0,"262":0,"263":0,"264":0,"265":0,"266":0,"267":0,"268":0,"269":0,"270":0,"271":0,"272":0,"273":0,"274":0,"275":0,"276":0,"277":0,"278":0,"279":0,"280":0,"281":0,"282":0,"283":0,"284":0,"285":0,"286":0,"287":0,"288":0,"289":0,"290":0,"291":0,"292":0,"293":0,"294":0,"295":0,"296":0,"297":0,"298":0,"299":0,"300":0,"301":0,"302":0,"303":0,"304":0,"305":0,"306":0,"307":0,"308":0,"309":0,"310":0,"311":0,"312":0,"313":0,"314":0,"315":0,"316":0,"317":0,"318":0,"319":0,"320":0,"321":0,"322":0,"323":0,"324":0,"325":0,"326":0,"327":0,"328":0,"329":0,"330":0,"331":0,"332":0,"333":0,"334":0,"335":0,"336":0,"337":0,"338":0,"339":0,"340":0,"341":0,"342":0,"343":0,"344":0,"345":0,"346":0,"347":0,"348":0,"349":0,"350":0,"351":0,"352":0,"353":0,"354":0,"355":0,"356":0,"357":0,"358":0,"359":0,"360":0,"361":0,"362":0,"363":0,"364":0,"365":0,"366":0,"367":0,"368":0,"369":0,"370":0,"371":0,"372":0,"373":0,"374":0,"375":0,"376":0,"377":0,"378":0,"379":0,"380":0,"381":0,"382":0,"383":0,"384":0,"385":0,"386":0,"387":0,"388":0,"389":0,"390":0,"391":0,"392":0,"393":0,"394":0,"395":0,"396":0,"397":0,"398":0,"399":0,"400":0,"401":0,"402":0,"403":0,"404":0,"405":0,"406":0,"407":0,"408":0,"409":0,"410":0,"411":0,"412":0,"413":0,"414":0,"415":0,"416":0,"417":0,"418":0,"419":0,"420":0,"421":0,"422":0,"423":0,"424":0,"425":0,"426":0,"427":0,"428":0,"429":0,"430":0,"431":0,"432":0,"433":0,"434":0,"435":0,"436":0,"437":0,"438":0,"439":0,"440":0,"441":0,"442":0,"443":0,"444":0,"445":0,"446":0,"447":0,"448":0,"449":0,"450":0,"451":0,"452":0,"453":0,"454":0,"455":0,"456":0,"457":0,"458":0,"459":0,"460":0,"461":0,"462":0,"463":0,"464":0,"465":0,"466":0,"467":0,"468":0,"469":0,"470":0,"471":0,"472":0,"473":0,"474":0,"475":0,"476":0,"477":0,"478":0,"479":0,"480":0,"481":0,"482":0,"483":0,"484":0,"485":0,"486":0,"487":0,"488":0,"489":0,"490":0,"491":0,"492":0,"493":0,"494":0,"495":0,"496":0,"497":0,"498":0,"499":0,"500":0,"501":0,"502":0,"503":0,"504":0,"505":0,"506":0,"507":0,"508":0,"509":0,"510":0,"511":0,"512":0,"513":0,"514":0,"515":0,"516":0,"517":0,"518":0,"519":0,"520":0,"521":0,"522":0,"523":0,"524":0,"525":0,"526":0,"527":0,"528":0,"529":0,"530":0,"531":0,"532":0,"533":0,"534":0,"535":0,"536":0,"537":0,"538":0,"539":0,"540":0,"541":0,"542":0,"543":0,"544":0,"545":0,"546":0,"547":0,"548":0,"549":0,"550":0,"551":0,"552":0,"553":0,"554":0,"555":0,"556":0,"557":0,"558":0,"559":0,"560":0,"561":0,"562":0,"563":0,"564":0,"565":0,"566":0,"567":0,"568":0,"569":0,"570":0,"571":0,"572":0,"573":0,"574":0,"575":0,"576":0,"577":0,"578":0,"579":0,"580":0,"581":0,"582":0,"583":0,"584":0,"585":0,"586":0,"587":0,"588":0,"589":0,"590":0,"591":0,"592":0,"593":0,"594":0,"595":0,"596":0,"597":0,"598":0,"599":0,"600":0,"601":0,"602":0,"603":0,"604":0,"605":0,"606":0,"607":0,"608":0,"609":0,"610":0,"611":0,"612":0,"613":0,"614":0,"615":0,"616":0,"617":0,"618":0,"619":0,"620":0,"621":0,"622":0,"623":0,"624":0,"625":0,"626":0,"627":0,"628":0,"629":0,"630":0,"631":0,"632":0,"633":0,"634":0,"635":0,"636":0,"637":0,"638":0,"639":0,"640":0,"641":0,"642":0,"643":0,"644":0,"645":0,"646":0,"647":0,"648":0,"649":0,"650":0,"651":0,"652":0,"653":0,"654":0,"655":0,"656":0,"657":0,"658":0,"659":0,"660":0,"661":0,"662":0,"663":0,"664":0,"665":0,"666":0,"667":0,"668":0,"669":0,"670":0,"671":0,"672":0,"673":0,"674":0,"675":0,"676":0,"677":0,"678":0,"679":0,"680":0,"681":0,"682":0,"683":0,"684":0,"685":0,"686":0,"687":0,"688":0,"689":0,"690":0,"691":0,"692":0,"693":0,"694":0,"695":0,"696":0,"697":0,"698":0,"699":0,"700":0,"701":0,"702":0,"703":0,"704":0,"705":0,"706":0,"707":0,"708":0,"709":0,"710":0,"711":0,"712":0,"713":0,"714":1,"715":0,"716":0,"717":0,"718":0,"719":0,"720":0,"721":0,"722":0,"723":0,"724":0,"725":0,"726":0,"727":0,"728":0,"729":0,"730":0,"731":0,"732":0,"733":0,"734":0,"735":0,"736":0,"737":0,"738":0,"739":0,"740":0,"741":0,"742":0,"743":0,"744":0,"745":0,"746":0,"747":0,"748":0,"749":0,"750":0,"751":0,"752":0,"753":0,"754":0,"755":0,"756":0,"757":0,"758":0,"759":0,"760":0,"761":0,"762":0,"763":0,"764":0,"765":0,"766":0,"767":0,"768":0,"769":0,"770":0,"771":0,"772":0,"773":0,"774":0,"775":0,"776":0,"777":0,"778":0,"779":0,"780":0,"781":0,"782":0,"783":0,"784":0,"785":0,"786":0,"787":0,"788":0,"789":0,"790":0,"791":0,"792":0,"793":0,"794":0,"795":0,"796":0,"797":0,"798":0,"799":0,"800":0,"801":0,"802":0,"803":0,"804":0,"805":0,"806":0,"807":0,"808":0,"809":0,"810":0,"811":0,"812":0,"813":0,"814":0,"815":0,"816":0,"817":0,"818":0,"819":0,"820":0,"821":0,"822":0,"823":0,"824":0,"825":0,"826":0,"827":0,"828":0,"829":0,"830":0,"831":0,"832":0,"833":1,"834":0,"835":0,"836":0,"837":0,"838":0,"839":0,"840":0,"841":0,"842":0,"843":0,"844":0,"845":0,"846":0,"847":0,"848":0,"849":0,"850":0,"851":0,"852":0,"853":0,"854":0,"855":0,"856":0,"857":1,"858":0,"859":0,"860":0,"861":0,"862":0,"863":0,"864":0,"865":0,"866":0,"867":0,"868":0,"869":0,"870":0,"871":0,"872":0,"873":0,"874":0,"875":0,"876":0,"877":0,"878":0,"879":0,"880":0,"881":0,"882":0,"883":0,"884":0,"885":0,"886":0,"887":0,"888":0,"889":0,"890":0,"891":0,"892":0,"893":0,"894":0,"895":0,"896":0,"897":0,"898":0,"899":0,"900":0,"901":0,"902":0,"903":0,"904":0,"905":0,"906":0,"907":0,"908":0,"909":0,"910":0,"911":0,"912":0,"913":0,"914":0,"915":0,"916":0,"917":0,"918":0,"919":0,"920":0,"921":0,"922":0,"923":0,"924":0,"925":0,"926":0,"927":0,"928":0,"929":0,"930":0,"931":0,"932":0,"933":0,"934":0,"935":0,"936":0,"937":0,"938":0,"939":0,"940":0,"941":0,"942":0,"943":0,"944":0,"945":0,"946":0,"947":0,"948":0,"949":0,"950":0,"951":0,"952":0,"953":0,"954":0,"955":0,"956":0,"957":0,"958":0,"959":0,"960":0,"961":0,"962":0,"963":0,"964":0,"965":0,"966":0,"967":0,"968":0,"969":0,"970":0,"971":1,"972":0,"973":0,"974":0,"975":0,"976":0,"977":0,"978":1,"979":0,"980":0,"981":0,"982":0,"983":0,"984":0,"985":0,"986":0,"987":0,"988":0,"989":0,"990":0,"991":0,"992":0,"993":0,"994":0,"995":0,"996":0,"997":0,"998":0,"999":0,"1000":0,"1001":0,"1002":0,"1003":0,"1004":0,"1005":1,"1006":0,"1007":0,"1008":0,"1009":0,"1010":0,"1011":0,"1012":0,"1013":0,"1014":0,"1015":0,"1016":1,"1017":0,"1018":0,"1019":0,"1020":0,"1021":0,"1022":0,"1023":0,"1024":0,"1025":0,"1026":0,"1027":0,"1028":0,"1029":0,"1030":0,"1031":0,"1032":1,"1033":0,"1034":0,"1035":0,"1036":0,"1037":0,"1038":0,"1039":1,"1040":0,"1041":0,"1042":0,"1043":0,"1044":0,"1045":0,"1046":1,"1047":0,"1048":0,"1049":0,"1050":0,"1051":0,"1052":0,"1053":0,"1054":0,"1055":1,"1056":0,"1057":0,"1058":0,"1059":0,"1060":0,"1061":0,"1062":0,"1063":0,"1064":0,"1065":0,"1066":1,"1067":0,"1068":0,"1069":0},"b":{"1":[0,2],"2":[2,0],"3":[2,0],"4":[0,0],"5":[0,0],"6":[0,0],"7":[0,0],"8":[0,0],"9":[0,0],"10":[0,0],"11":[0,0],"12":[0,0],"13":[0,0],"14":[0,0],"15":[0,0],"16":[0,0],"17":[0,0],"18":[0,0],"19":[0,0],"20":[0,0],"21":[0,0],"22":[0,0],"23":[0,0],"24":[0,0],"25":[0,0],"26":[0,0],"27":[0,0],"28":[0,0],"29":[0,0],"30":[0,0],"31":[0,0],"32":[0,0],"33":[0,0],"34":[0,0],"35":[0,0],"36":[0,0],"37":[0,0],"38":[0,0],"39":[0,0],"40":[0,0],"41":[0,0],"42":[0,0],"43":[0,0],"44":[0,0],"45":[0,0],"46":[0,0],"47":[0,0],"48":[0,0],"49":[0,0],"50":[0,0],"51":[0,0],"52":[0,0],"53":[0,0],"54":[0,0],"55":[0,0],"56":[0,0],"57":[0,0],"58":[0,0],"59":[0,0],"60":[0,0],"61":[0,0],"62":[0,0],"63":[0,0],"64":[0,0],"65":[0,0],"66":[0,0],"67":[0,0],"68":[0,0],"69":[0,0],"70":[0,0],"71":[0,0],"72":[0,0],"73":[0,0],"74":[0,0],"75":[0,0],"76":[0,0],"77":[0,0],"78":[0,0],"79":[0,0],"80":[0,0],"81":[0,0],"82":[0,0],"83":[0,0],"84":[0,0],"85":[0,0],"86":[0,0],"87":[0,0],"88":[0,0],"89":[0,0],"90":[0,0],"91":[0,0],"92":[0,0],"93":[0,0],"94":[0,0],"95":[0,0],"96":[0,0],"97":[0,0],"98":[0,0],"99":[0,0],"100":[0,0],"101":[0,0],"102":[0,0],"103":[0,0],"104":[0,0],"105":[0,0],"106":[0,0],"107":[0,0],"108":[0,0],"109":[0,0],"110":[0,0],"111":[0,0],"112":[0,0],"113":[0,0],"114":[0,0],"115":[0,0],"116":[0,0],"117":[0,0],"118":[0,0],"119":[0,0],"120":[0,0],"121":[0,0],"122":[0,0],"123":[0,0],"124":[0,0],"125":[0,0],"126":[0,0],"127":[0,0],"128":[0,0],"129":[0,0],"130":[0,0],"131":[0,0],"132":[0,0],"133":[0,0],"134":[0,0],"135":[0,0],"136":[0,0],"137":[0,0],"138":[0,0],"139":[0,0],"140":[0,0],"141":[0,0],"142":[0,0],"143":[0,0],"144":[0,0],"145":[0,0],"146":[0,0],"147":[0,0],"148":[0,0],"149":[0,0,0],"150":[0,0],"151":[0,0],"152":[0,0],"153":[0,0],"154":[0,0],"155":[0,0],"156":[0,0],"157":[0,0],"158":[0,0],"159":[0,0],"160":[0,0],"161":[0,0],"162":[0,0],"163":[0,0],"164":[0,0],"165":[0,0],"166":[0,0],"167":[0,0,0],"168":[0,0],"169":[0,0],"170":[0,0],"171":[0,0],"172":[0,0,0],"173":[0,0],"174":[0,0,0],"175":[0,0],"176":[0,0],"177":[0,0],"178":[0,0],"179":[0,0],"180":[0,0],"181":[0,0,0],"182":[0,0],"183":[0,0],"184":[0,0],"185":[0,0],"186":[0,0,0],"187":[0,0],"188":[0,0,0],"189":[0,0],"190":[0,0],"191":[0,0],"192":[0,0],"193":[0,0],"194":[0,0,0],"195":[0,0],"196":[0,0],"197":[0,0],"198":[0,0],"199":[0,0],"200":[0,0],"201":[0,0],"202":[0,0],"203":[0,0],"204":[0,0],"205":[0,0],"206":[0,0],"207":[0,0],"208":[0,0],"209":[0,0],"210":[0,0],"211":[0,0],"212":[0,0,0,0],"213":[0,0],"214":[0,0],"215":[0,0],"216":[0,0],"217":[0,0,0,0],"218":[0,0],"219":[0,0],"220":[0,0],"221":[0,0],"222":[0,0],"223":[0,0,0],"224":[0,0],"225":[0,0],"226":[0,0],"227":[0,0],"228":[0,0],"229":[0,0],"230":[0,0],"231":[0,0],"232":[0,0],"233":[0,0],"234":[0,0],"235":[0,0],"236":[0,0],"237":[0,0],"238":[0,0],"239":[0,0],"240":[0,0],"241":[0,0],"242":[0,0],"243":[0,0],"244":[0,0],"245":[0,0],"246":[0,0],"247":[0,0],"248":[0,0],"249":[0,0],"250":[0,0],"251":[0,0,0],"252":[0,0],"253":[0,0],"254":[0,0],"255":[0,0],"256":[0,0],"257":[0,0],"258":[0,0],"259":[0,0],"260":[0,0],"261":[0,0],"262":[0,0],"263":[0,0],"264":[0,0],"265":[0,0],"266":[0,0],"267":[0,0],"268":[0,0],"269":[0,0],"270":[0,0],"271":[0,0],"272":[0,0],"273":[0,0,0],"274":[0,0],"275":[0,0],"276":[0,0],"277":[0,0],"278":[0,0],"279":[0,0,0],"280":[0,0],"281":[0,0],"282":[0,0],"283":[0,0],"284":[0,0],"285":[0,0,0],"286":[0,0],"287":[0,0],"288":[0,0],"289":[0,0],"290":[0,0,0],"291":[0,0],"292":[0,0],"293":[0,0],"294":[0,0],"295":[0,0],"296":[0,0],"297":[0,0],"298":[0,0],"299":[0,0],"300":[0,0,0,0],"301":[0,0],"302":[0,0],"303":[0,0,0],"304":[0,0],"305":[0,0],"306":[0,0,0],"307":[0,0],"308":[0,0],"309":[0,0],"310":[0,0],"311":[0,0],"312":[0,0],"313":[0,0],"314":[0,0],"315":[0,0],"316":[0,0],"317":[0,0],"318":[0,0],"319":[0,0],"320":[0,0],"321":[0,0],"322":[0,0],"323":[0,0],"324":[0,0],"325":[0,0],"326":[0,0],"327":[0,0]},"f":{"1":2,"2":0,"3":2,"4":0,"5":0,"6":0,"7":0,"8":0,"9":0,"10":0,"11":0,"12":0,"13":0,"14":0,"15":0,"16":0,"17":0,"18":0,"19":0,"20":0,"21":0,"22":0,"23":0,"24":0,"25":0,"26":0,"27":0,"28":0,"29":0,"30":0,"31":0,"32":0,"33":0,"34":0,"35":0,"36":0,"37":0,"38":0,"39":0,"40":0,"41":0,"42":0,"43":0,"44":0,"45":0,"46":0,"47":0,"48":0,"49":0,"50":0,"51":0,"52":0,"53":0,"54":0,"55":0,"56":0,"57":0,"58":0,"59":0,"60":0,"61":0,"62":0,"63":0,"64":0,"65":0,"66":0,"67":0,"68":0,"69":0,"70":0,"71":0,"72":0,"73":0,"74":0,"75":0,"76":0,"77":0,"78":0,"79":0,"80":0,"81":0,"82":0,"83":0,"84":0,"85":0,"86":0,"87":0,"88":0,"89":0,"90":0,"91":0,"92":0,"93":0,"94":0,"95":0,"96":0,"97":0,"98":0,"99":0,"100":0,"101":0,"102":0,"103":0,"104":0,"105":0,"106":0,"107":0,"108":0,"109":0,"110":0,"111":0,"112":0,"113":0,"114":0,"115":0,"116":0,"117":0,"118":0,"119":0,"120":0,"121":0,"122":0,"123":0,"124":0,"125":0,"126":0,"127":0,"128":0,"129":0,"130":0,"131":0,"132":0,"133":0,"134":0,"135":0,"136":0,"137":0,"138":0,"139":0,"140":0,"141":0,"142":0,"143":0,"144":0,"145":0,"146":0,"147":0,"148":0,"149":0,"150":0,"151":0,"152":0,"153":0,"154":0,"155":0,"156":0,"157":0,"158":0,"159":0,"160":0,"161":0,"162":0,"163":0,"164":0,"165":0,"166":0,"167":0,"168":0,"169":0,"170":0,"171":0,"172":0,"173":0,"174":0,"175":0,"176":0,"177":0,"178":0,"179":0,"180":0,"181":0,"182":0,"183":0,"184":0,"185":0,"186":0,"187":0,"188":0,"189":0,"190":0,"191":0,"192":0,"193":0,"194":0,"195":0,"196":0,"197":0,"198":0,"199":0,"200":0,"201":0,"202":0,"203":0},"fnMap":{"1":{"name":"(anonymous_1)","line":6,"loc":{"start":{"line":6,"column":1},"end":{"line":6,"column":26}}},"2":{"name":"(anonymous_2)","line":9,"loc":{"start":{"line":9,"column":15},"end":{"line":9,"column":27}}},"3":{"name":"(anonymous_3)","line":20,"loc":{"start":{"line":20,"column":8},"end":{"line":20,"column":20}}},"4":{"name":"runTranslate","line":40,"loc":{"start":{"line":40,"column":0},"end":{"line":40,"column":34}}},"5":{"name":"(anonymous_5)","line":47,"loc":{"start":{"line":47,"column":42},"end":{"line":47,"column":54}}},"6":{"name":"$translateSanitizationProvider","line":83,"loc":{"start":{"line":83,"column":0},"end":{"line":83,"column":43}}},"7":{"name":"(anonymous_7)","line":125,"loc":{"start":{"line":125,"column":14},"end":{"line":125,"column":50}}},"8":{"name":"(anonymous_8)","line":131,"loc":{"start":{"line":131,"column":12},"end":{"line":131,"column":48}}},"9":{"name":"(anonymous_9)","line":137,"loc":{"start":{"line":137,"column":24},"end":{"line":137,"column":60}}},"10":{"name":"(anonymous_10)","line":143,"loc":{"start":{"line":143,"column":22},"end":{"line":143,"column":58}}},"11":{"name":"(anonymous_11)","line":149,"loc":{"start":{"line":149,"column":9},"end":{"line":149,"column":41}}},"12":{"name":"(anonymous_12)","line":160,"loc":{"start":{"line":160,"column":19},"end":{"line":160,"column":55}}},"13":{"name":"(anonymous_13)","line":183,"loc":{"start":{"line":183,"column":21},"end":{"line":183,"column":63}}},"14":{"name":"(anonymous_14)","line":199,"loc":{"start":{"line":199,"column":24},"end":{"line":199,"column":48}}},"15":{"name":"(anonymous_15)","line":215,"loc":{"start":{"line":215,"column":21},"end":{"line":215,"column":41}}},"16":{"name":"(anonymous_16)","line":231,"loc":{"start":{"line":231,"column":36},"end":{"line":231,"column":63}}},"17":{"name":"(anonymous_17)","line":235,"loc":{"start":{"line":235,"column":26},"end":{"line":235,"column":78}}},"18":{"name":"(anonymous_18)","line":236,"loc":{"start":{"line":236,"column":42},"end":{"line":236,"column":70}}},"19":{"name":"(anonymous_19)","line":246,"loc":{"start":{"line":246,"column":64},"end":{"line":246,"column":75}}},"20":{"name":"(anonymous_20)","line":259,"loc":{"start":{"line":259,"column":42},"end":{"line":259,"column":54}}},"21":{"name":"(anonymous_21)","line":284,"loc":{"start":{"line":284,"column":20},"end":{"line":284,"column":36}}},"22":{"name":"(anonymous_22)","line":285,"loc":{"start":{"line":285,"column":15},"end":{"line":285,"column":35}}},"23":{"name":"(anonymous_23)","line":304,"loc":{"start":{"line":304,"column":16},"end":{"line":304,"column":58}}},"24":{"name":"(anonymous_24)","line":327,"loc":{"start":{"line":327,"column":24},"end":{"line":327,"column":41}}},"25":{"name":"(anonymous_25)","line":333,"loc":{"start":{"line":333,"column":26},"end":{"line":333,"column":43}}},"26":{"name":"(anonymous_26)","line":340,"loc":{"start":{"line":340,"column":23},"end":{"line":340,"column":40}}},"27":{"name":"(anonymous_27)","line":347,"loc":{"start":{"line":347,"column":35},"end":{"line":347,"column":69}}},"28":{"name":"(anonymous_28)","line":362,"loc":{"start":{"line":362,"column":29},"end":{"line":362,"column":67}}},"29":{"name":"$translate","line":397,"loc":{"start":{"line":397,"column":0},"end":{"line":397,"column":115}}},"30":{"name":"(anonymous_30)","line":431,"loc":{"start":{"line":431,"column":18},"end":{"line":431,"column":33}}},"31":{"name":"(anonymous_31)","line":434,"loc":{"start":{"line":434,"column":13},"end":{"line":434,"column":28}}},"32":{"name":"(anonymous_32)","line":439,"loc":{"start":{"line":439,"column":14},"end":{"line":439,"column":29}}},"33":{"name":"(anonymous_33)","line":444,"loc":{"start":{"line":444,"column":19},"end":{"line":444,"column":34}}},"34":{"name":"(anonymous_34)","line":454,"loc":{"start":{"line":454,"column":32},"end":{"line":454,"column":44}}},"35":{"name":"(anonymous_35)","line":489,"loc":{"start":{"line":489,"column":18},"end":{"line":489,"column":30}}},"36":{"name":"(anonymous_36)","line":510,"loc":{"start":{"line":510,"column":16},"end":{"line":510,"column":48}}},"37":{"name":"(anonymous_37)","line":528,"loc":{"start":{"line":528,"column":13},"end":{"line":528,"column":25}}},"38":{"name":"(anonymous_38)","line":532,"loc":{"start":{"line":532,"column":24},"end":{"line":532,"column":45}}},"39":{"name":"(anonymous_39)","line":619,"loc":{"start":{"line":619,"column":21},"end":{"line":619,"column":58}}},"40":{"name":"(anonymous_40)","line":652,"loc":{"start":{"line":652,"column":24},"end":{"line":652,"column":40}}},"41":{"name":"(anonymous_41)","line":672,"loc":{"start":{"line":672,"column":31},"end":{"line":672,"column":52}}},"42":{"name":"(anonymous_42)","line":688,"loc":{"start":{"line":688,"column":19},"end":{"line":688,"column":58}}},"43":{"name":"(anonymous_43)","line":729,"loc":{"start":{"line":729,"column":26},"end":{"line":729,"column":45}}},"44":{"name":"(anonymous_44)","line":743,"loc":{"start":{"line":743,"column":39},"end":{"line":743,"column":51}}},"45":{"name":"(anonymous_45)","line":759,"loc":{"start":{"line":759,"column":26},"end":{"line":759,"column":45}}},"46":{"name":"(anonymous_46)","line":774,"loc":{"start":{"line":774,"column":34},"end":{"line":774,"column":51}}},"47":{"name":"(anonymous_47)","line":791,"loc":{"start":{"line":791,"column":27},"end":{"line":791,"column":46}}},"48":{"name":"(anonymous_48)","line":798,"loc":{"start":{"line":798,"column":31},"end":{"line":798,"column":50}}},"49":{"name":"(anonymous_49)","line":823,"loc":{"start":{"line":823,"column":38},"end":{"line":823,"column":59}}},"50":{"name":"(anonymous_50)","line":840,"loc":{"start":{"line":840,"column":42},"end":{"line":840,"column":63}}},"51":{"name":"(anonymous_51)","line":859,"loc":{"start":{"line":859,"column":43},"end":{"line":859,"column":64}}},"52":{"name":"(anonymous_52)","line":880,"loc":{"start":{"line":880,"column":26},"end":{"line":880,"column":45}}},"53":{"name":"(anonymous_53)","line":885,"loc":{"start":{"line":885,"column":22},"end":{"line":885,"column":41}}},"54":{"name":"(anonymous_54)","line":922,"loc":{"start":{"line":922,"column":13},"end":{"line":922,"column":32}}},"55":{"name":"(anonymous_55)","line":944,"loc":{"start":{"line":944,"column":29},"end":{"line":944,"column":41}}},"56":{"name":"(anonymous_56)","line":958,"loc":{"start":{"line":958,"column":19},"end":{"line":958,"column":34}}},"57":{"name":"(anonymous_57)","line":982,"loc":{"start":{"line":982,"column":22},"end":{"line":982,"column":46}}},"58":{"name":"(anonymous_58)","line":996,"loc":{"start":{"line":996,"column":30},"end":{"line":996,"column":49}}},"59":{"name":"(anonymous_59)","line":1011,"loc":{"start":{"line":1011,"column":19},"end":{"line":1011,"column":53}}},"60":{"name":"(anonymous_60)","line":1026,"loc":{"start":{"line":1026,"column":25},"end":{"line":1026,"column":37}}},"61":{"name":"(anonymous_61)","line":1038,"loc":{"start":{"line":1038,"column":26},"end":{"line":1038,"column":38}}},"62":{"name":"(anonymous_62)","line":1050,"loc":{"start":{"line":1050,"column":20},"end":{"line":1050,"column":46}}},"63":{"name":"(anonymous_63)","line":1065,"loc":{"start":{"line":1065,"column":23},"end":{"line":1065,"column":41}}},"64":{"name":"(anonymous_64)","line":1085,"loc":{"start":{"line":1085,"column":41},"end":{"line":1085,"column":53}}},"65":{"name":"(anonymous_65)","line":1115,"loc":{"start":{"line":1115,"column":38},"end":{"line":1115,"column":57}}},"66":{"name":"(anonymous_66)","line":1138,"loc":{"start":{"line":1138,"column":26},"end":{"line":1138,"column":43}}},"67":{"name":"(anonymous_67)","line":1162,"loc":{"start":{"line":1162,"column":26},"end":{"line":1162,"column":43}}},"68":{"name":"(anonymous_68)","line":1208,"loc":{"start":{"line":1208,"column":28},"end":{"line":1208,"column":47}}},"69":{"name":"(anonymous_69)","line":1242,"loc":{"start":{"line":1242,"column":36},"end":{"line":1242,"column":50}}},"70":{"name":"(anonymous_70)","line":1271,"loc":{"start":{"line":1271,"column":39},"end":{"line":1271,"column":72}}},"71":{"name":"(anonymous_71)","line":1296,"loc":{"start":{"line":1296,"column":24},"end":{"line":1296,"column":41}}},"72":{"name":"(anonymous_72)","line":1324,"loc":{"start":{"line":1324,"column":27},"end":{"line":1324,"column":47}}},"73":{"name":"(anonymous_73)","line":1349,"loc":{"start":{"line":1349,"column":24},"end":{"line":1349,"column":41}}},"74":{"name":"(anonymous_74)","line":1370,"loc":{"start":{"line":1370,"column":21},"end":{"line":1370,"column":35}}},"75":{"name":"(anonymous_75)","line":1397,"loc":{"start":{"line":1397,"column":21},"end":{"line":1397,"column":38}}},"76":{"name":"(anonymous_76)","line":1431,"loc":{"start":{"line":1431,"column":56},"end":{"line":1431,"column":99}}},"77":{"name":"(anonymous_77)","line":1441,"loc":{"start":{"line":1441,"column":21},"end":{"line":1441,"column":121}}},"78":{"name":"(anonymous_78)","line":1459,"loc":{"start":{"line":1459,"column":27},"end":{"line":1459,"column":53}}},"79":{"name":"(anonymous_79)","line":1463,"loc":{"start":{"line":1463,"column":26},"end":{"line":1463,"column":51}}},"80":{"name":"(anonymous_80)","line":1465,"loc":{"start":{"line":1465,"column":29},"end":{"line":1465,"column":46}}},"81":{"name":"(anonymous_81)","line":1477,"loc":{"start":{"line":1477,"column":39},"end":{"line":1477,"column":51}}},"82":{"name":"(anonymous_82)","line":1492,"loc":{"start":{"line":1492,"column":30},"end":{"line":1492,"column":42}}},"83":{"name":"(anonymous_83)","line":1529,"loc":{"start":{"line":1529,"column":30},"end":{"line":1529,"column":42}}},"84":{"name":"(anonymous_84)","line":1557,"loc":{"start":{"line":1557,"column":34},"end":{"line":1557,"column":59}}},"85":{"name":"(anonymous_85)","line":1579,"loc":{"start":{"line":1579,"column":22},"end":{"line":1579,"column":37}}},"86":{"name":"(anonymous_86)","line":1592,"loc":{"start":{"line":1592,"column":29},"end":{"line":1592,"column":57}}},"87":{"name":"(anonymous_87)","line":1614,"loc":{"start":{"line":1614,"column":20},"end":{"line":1614,"column":35}}},"88":{"name":"(anonymous_88)","line":1637,"loc":{"start":{"line":1637,"column":28},"end":{"line":1637,"column":44}}},"89":{"name":"(anonymous_89)","line":1642,"loc":{"start":{"line":1642,"column":32},"end":{"line":1642,"column":49}}},"90":{"name":"(anonymous_90)","line":1657,"loc":{"start":{"line":1657,"column":26},"end":{"line":1657,"column":41}}},"91":{"name":"(anonymous_91)","line":1681,"loc":{"start":{"line":1681,"column":37},"end":{"line":1681,"column":68}}},"92":{"name":"(anonymous_92)","line":1704,"loc":{"start":{"line":1704,"column":30},"end":{"line":1704,"column":49}}},"93":{"name":"(anonymous_93)","line":1709,"loc":{"start":{"line":1709,"column":24},"end":{"line":1709,"column":40}}},"94":{"name":"(anonymous_94)","line":1737,"loc":{"start":{"line":1737,"column":33},"end":{"line":1737,"column":118}}},"95":{"name":"(anonymous_95)","line":1740,"loc":{"start":{"line":1740,"column":22},"end":{"line":1740,"column":50}}},"96":{"name":"(anonymous_96)","line":1782,"loc":{"start":{"line":1782,"column":40},"end":{"line":1782,"column":125}}},"97":{"name":"(anonymous_97)","line":1819,"loc":{"start":{"line":1819,"column":29},"end":{"line":1819,"column":115}}},"98":{"name":"(anonymous_98)","line":1844,"loc":{"start":{"line":1844,"column":37},"end":{"line":1844,"column":160}}},"99":{"name":"(anonymous_99)","line":1850,"loc":{"start":{"line":1850,"column":10},"end":{"line":1850,"column":26}}},"100":{"name":"(anonymous_100)","line":1853,"loc":{"start":{"line":1853,"column":10},"end":{"line":1853,"column":22}}},"101":{"name":"(anonymous_101)","line":1893,"loc":{"start":{"line":1893,"column":44},"end":{"line":1893,"column":143}}},"102":{"name":"(anonymous_102)","line":1916,"loc":{"start":{"line":1916,"column":30},"end":{"line":1916,"column":130}}},"103":{"name":"(anonymous_103)","line":1930,"loc":{"start":{"line":1930,"column":37},"end":{"line":1930,"column":113}}},"104":{"name":"(anonymous_104)","line":1935,"loc":{"start":{"line":1935,"column":31},"end":{"line":1935,"column":140}}},"105":{"name":"(anonymous_105)","line":1969,"loc":{"start":{"line":1969,"column":18},"end":{"line":1969,"column":41}}},"106":{"name":"(anonymous_106)","line":1971,"loc":{"start":{"line":1971,"column":15},"end":{"line":1971,"column":41}}},"107":{"name":"(anonymous_107)","line":1994,"loc":{"start":{"line":1994,"column":38},"end":{"line":1994,"column":123}}},"108":{"name":"(anonymous_108)","line":2041,"loc":{"start":{"line":2041,"column":34},"end":{"line":2041,"column":49}}},"109":{"name":"(anonymous_109)","line":2048,"loc":{"start":{"line":2048,"column":30},"end":{"line":2048,"column":132}}},"110":{"name":"(anonymous_110)","line":2065,"loc":{"start":{"line":2065,"column":36},"end":{"line":2065,"column":51}}},"111":{"name":"(anonymous_111)","line":2067,"loc":{"start":{"line":2067,"column":48},"end":{"line":2067,"column":71}}},"112":{"name":"(anonymous_112)","line":2086,"loc":{"start":{"line":2086,"column":35},"end":{"line":2086,"column":54}}},"113":{"name":"(anonymous_113)","line":2103,"loc":{"start":{"line":2103,"column":32},"end":{"line":2103,"column":44}}},"114":{"name":"(anonymous_114)","line":2117,"loc":{"start":{"line":2117,"column":39},"end":{"line":2117,"column":51}}},"115":{"name":"(anonymous_115)","line":2133,"loc":{"start":{"line":2133,"column":34},"end":{"line":2133,"column":53}}},"116":{"name":"(anonymous_116)","line":2170,"loc":{"start":{"line":2170,"column":37},"end":{"line":2170,"column":56}}},"117":{"name":"(anonymous_117)","line":2195,"loc":{"start":{"line":2195,"column":34},"end":{"line":2195,"column":46}}},"118":{"name":"(anonymous_118)","line":2209,"loc":{"start":{"line":2209,"column":25},"end":{"line":2209,"column":37}}},"119":{"name":"(anonymous_119)","line":2254,"loc":{"start":{"line":2254,"column":21},"end":{"line":2254,"column":36}}},"120":{"name":"(anonymous_120)","line":2279,"loc":{"start":{"line":2279,"column":48},"end":{"line":2279,"column":71}}},"121":{"name":"(anonymous_121)","line":2286,"loc":{"start":{"line":2286,"column":11},"end":{"line":2286,"column":26}}},"122":{"name":"(anonymous_122)","line":2292,"loc":{"start":{"line":2292,"column":37},"end":{"line":2292,"column":49}}},"123":{"name":"(anonymous_123)","line":2298,"loc":{"start":{"line":2298,"column":31},"end":{"line":2298,"column":54}}},"124":{"name":"(anonymous_124)","line":2304,"loc":{"start":{"line":2304,"column":11},"end":{"line":2304,"column":26}}},"125":{"name":"(anonymous_125)","line":2330,"loc":{"start":{"line":2330,"column":37},"end":{"line":2330,"column":49}}},"126":{"name":"(anonymous_126)","line":2344,"loc":{"start":{"line":2344,"column":28},"end":{"line":2344,"column":40}}},"127":{"name":"(anonymous_127)","line":2358,"loc":{"start":{"line":2358,"column":40},"end":{"line":2358,"column":52}}},"128":{"name":"(anonymous_128)","line":2372,"loc":{"start":{"line":2372,"column":43},"end":{"line":2372,"column":55}}},"129":{"name":"(anonymous_129)","line":2386,"loc":{"start":{"line":2386,"column":31},"end":{"line":2386,"column":43}}},"130":{"name":"(anonymous_130)","line":2419,"loc":{"start":{"line":2419,"column":25},"end":{"line":2419,"column":44}}},"131":{"name":"loadNewData","line":2429,"loc":{"start":{"line":2429,"column":6},"end":{"line":2429,"column":40}}},"132":{"name":"(anonymous_132)","line":2434,"loc":{"start":{"line":2434,"column":21},"end":{"line":2434,"column":37}}},"133":{"name":"(anonymous_133)","line":2449,"loc":{"start":{"line":2449,"column":8},"end":{"line":2449,"column":20}}},"134":{"name":"(anonymous_134)","line":2465,"loc":{"start":{"line":2465,"column":8},"end":{"line":2465,"column":20}}},"135":{"name":"(anonymous_135)","line":2511,"loc":{"start":{"line":2511,"column":25},"end":
[...]
$watch(attr.translateValues, updateTranslations, true);","      }","","      // Replaced watcher on translateLanguage with event listener","      scope.$on('translateLanguageChanged', updateTranslations);","","      // Ensures the text will be refreshed after the current language was changed","      // w/ $translate.use(...)","      var unbind = $rootScope.$on('$translateChangeSuccess', updateTranslations);","","      updateTranslations();","      scope.$on('$destroy', unbind);","    }","  };","}","","function watchAttribute(scope, attribute, valueCallback, changeCallback) {","  'use strict';","  if (!attribute) {","    return;","  }","  if (attribute.substr(0, 2) === '::') {","    attribute = attribute.substr(2);","  } else {","    scope.$watch(attribute, function(newValue) {","      valueCallback(newValue);","      changeCallback();","    }, true);","  }","  valueCallback(scope.$eval(attribute));","}","","translateAttrDirective.displayName = 'translateAttrDirective';","","angular.module('pascalprecht.translate')","/**"," * @ngdoc directive"," * @name pascalprecht.translate.directive:translateCloak"," * @requires $translate"," * @restrict A"," *"," * $description"," * Adds a `translate-cloak` class name to the given element where this directive"," * is applied initially and removes it, once a loader has finished loading."," *"," * This directive can be used to prevent initial flickering when loading translation"," * data asynchronously."," *"," * The class name is defined in"," * {@link pascalprecht.translate.$translateProvider#cloakClassName $translate.cloakClassName()}."," *"," * @param {string=} translate-cloak If a translationId is provided, it will be used for showing"," *                                  or hiding the cloak. Basically it relies on the translation"," *                                  resolve."," */",".directive('translateCloak', translateCloakDirective);","","function translateCloakDirective($translate, $rootScope) {","","  'use strict';","","  return {","    compile : function (tElement) {","      var applyCloak = function (element) {","          element.addClass($translate.cloakClassName());","        },","        removeCloak = function (element) {","          element.removeClass($translate.cloakClassName());","        };","      applyCloak(tElement);","","      return function linkFn(scope, iElement, iAttr) {","        //Create bound functions that incorporate the active DOM element.","        var iRemoveCloak = removeCloak.bind(this, iElement), iApplyCloak = applyCloak.bind(this, iElement);","        if (iAttr.translateCloak && iAttr.translateCloak.length) {","          // Register a watcher for the defined translation allowing a fine tuned cloak","          iAttr.$observe('translateCloak', function (translationId) {","            $translate(translationId).then(iRemoveCloak, iApplyCloak);","          });","          $rootScope.$on('$translateChangeSuccess', function () {","            $translate(iAttr.translateCloak).then(iRemoveCloak, iApplyCloak);","          });","        } else {","          $translate.onReady(iRemoveCloak);","        }","      };","    }","  };","}","","translateCloakDirective.displayName = 'translateCloakDirective';","","angular.module('pascalprecht.translate')","/**"," * @ngdoc directive"," * @name pascalprecht.translate.directive:translateNamespace"," * @restrict A"," *"," * @description"," * Translates given translation id either through attribute or DOM content."," * Internally it uses `translate` filter to translate translation id. It possible to"," * pass an optional `translate-values` object literal as string into translation id."," *"," * @param {string=} translate namespace name which could be either string or interpolated string."," *"," * @example","   <example module=\"ngView\">","    <file name=\"index.html\">","      <div translate-namespace=\"CONTENT\">","","        <div>","            <h1 translate>.HEADERS.TITLE</h1>","            <h1 translate>.HEADERS.WELCOME</h1>","        </div>","","        <div translate-namespace=\".HEADERS\">","            <h1 translate>.TITLE</h1>","            <h1 translate>.WELCOME</h1>","        </div>","","      </div>","    </file>","    <file name=\"script.js\">","      angular.module('ngView', ['pascalprecht.translate'])","","      .config(function ($translateProvider) {","","        $translateProvider.translations('en',{","          'TRANSLATION_ID': 'Hello there!',","          'CONTENT': {","            'HEADERS': {","                TITLE: 'Title'","            }","          },","          'CONTENT.HEADERS.WELCOME': 'Welcome'","        }).preferredLanguage('en');","","      });","","    </file>","   </example>"," */",".directive('translateNamespace', translateNamespaceDirective);","","function translateNamespaceDirective() {","","  'use strict';","","  return {","    restrict: 'A',","    scope: true,","    compile: function () {","      return {","        pre: function (scope, iElement, iAttrs) {","          scope.translateNamespace = getTranslateNamespace(scope);","","          if (scope.translateNamespace && iAttrs.translateNamespace.charAt(0) === '.') {","            scope.translateNamespace += iAttrs.translateNamespace;","          } else {","            scope.translateNamespace = iAttrs.translateNamespace;","          }","        }","      };","    }","  };","}","","/**"," * Returns the scope's namespace."," * @private"," * @param scope"," * @returns {string}"," */","function getTranslateNamespace(scope) {","  'use strict';","  if (scope.translateNamespace) {","    return scope.translateNamespace;","  }","  if (scope.$parent) {","    return getTranslateNamespace(scope.$parent);","  }","}","","translateNamespaceDirective.displayName = 'translateNamespaceDirective';","","angular.module('pascalprecht.translate')","/**"," * @ngdoc directive"," * @name pascalprecht.translate.directive:translateLanguage"," * @restrict A"," *"," * @description"," * Forces the language to the directives in the underlying scope."," *"," * @param {string=} translate language that will be negotiated."," *"," * @example","   <example module=\"ngView\">","    <file name=\"index.html\">","      <div>","","        <div>","            <h1 translate>HELLO</h1>","        </div>","","        <div translate-language=\"de\">","            <h1 translate>HELLO</h1>","        </div>","","      </div>","    </file>","    <file name=\"script.js\">","      angular.module('ngView', ['pascalprecht.translate'])","","      .config(function ($translateProvider) {","","        $translateProvider","          .translations('en',{","            'HELLO': 'Hello world!'","          })","          .translations('de',{","            'HELLO': 'Hallo Welt!'","          })","          .preferredLanguage('en');","","      });","","    </file>","   </example>"," */",".directive('translateLanguage', translateLanguageDirective);","","function translateLanguageDirective() {","","  'use strict';","","  return {","    restrict: 'A',","    scope: true,","    compile: function () {","      return function linkFn(scope, iElement, iAttrs) {","","        iAttrs.$observe('translateLanguage', function (newTranslateLanguage) {","          scope.translateLanguage = newTranslateLanguage;","        });","","        scope.$watch('translateLanguage', function(){","          scope.$broadcast('translateLanguageChanged');","        });","      };","    }","  };","}","","translateLanguageDirective.displayName = 'translateLanguageDirective';","","angular.module('pascalprecht.translate')","/**"," * @ngdoc filter"," * @name pascalprecht.translate.filter:translate"," * @requires $parse"," * @requires pascalprecht.translate.$translate"," * @function"," *"," * @description"," * Uses `$translate` service to translate contents. Accepts interpolate parameters"," * to pass dynamized values though translation."," *"," * @param {string} translationId A translation id to be translated."," * @param {*=} interpolateParams Optional object literal (as hash or string) to pass values into translation."," *"," * @returns {string} Translated text."," *"," * @example","   <example module=\"ngView\">","    <file name=\"index.html\">","      <div ng-controller=\"TranslateCtrl\">","","        <pre>{{ 'TRANSLATION_ID' | translate }}</pre>","        <pre>{{ translationId | translate }}</pre>","        <pre>{{ 'WITH_VALUES' | translate:'{value: 5}' }}</pre>","        <pre>{{ 'WITH_VALUES' | translate:values }}</pre>","","      </div>","    </file>","    <file name=\"script.js\">","      angular.module('ngView', ['pascalprecht.translate'])","","      .config(function ($translateProvider) {","","        $translateProvider.translations('en', {","          'TRANSLATION_ID': 'Hello there!',","          'WITH_VALUES': 'The following value is dynamic: {{value}}'","        });","        $translateProvider.preferredLanguage('en');","","      });","","      angular.module('ngView').controller('TranslateCtrl', function ($scope) {","        $scope.translationId = 'TRANSLATION_ID';","","        $scope.values = {","          value: 78","        };","      });","    </file>","   </example>"," */",".filter('translate', translateFilterFactory);","","function translateFilterFactory($parse, $translate) {","","  'use strict';","","  var translateFilter = function (translationId, interpolateParams, interpolation, forceLanguage) {","    if (!angular.isObject(interpolateParams)) {","      var ctx = this || {","        '__SCOPE_IS_NOT_AVAILABLE': 'More info at https://github.com/angular/angular.js/commit/8863b9d04c722b278fa93c5d66ad1e578ad6eb1f'","        };","      interpolateParams = $parse(interpolateParams)(ctx);","    }","","    return $translate.instant(translationId, interpolateParams, interpolation, forceLanguage);","  };","","  if ($translate.statefulFilter()) {","    translateFilter.$stateful = true;","  }","","  return translateFilter;","}","","translateFilterFactory.displayName = 'translateFilterFactory';","","angular.module('pascalprecht.translate')","","/**"," * @ngdoc object"," * @name pascalprecht.translate.$translationCache"," * @requires $cacheFactory"," *"," * @description"," * The first time a translation table is used, it is loaded in the translation cache for quick retrieval. You"," * can load translation tables directly into the cache by consuming the"," * `$translationCache` service directly."," *"," * @return {object} $cacheFactory object."," */","  .factory('$translationCache', $translationCache);","","function $translationCache($cacheFactory) {","","  'use strict';","","  return $cacheFactory('translations');","}","","$translationCache.displayName = '$translationCache';","return 'pascalprecht.translate';","","}));",""],"l":{"6":2,"7":2,"9":0,"10":0,"12":2,"16":2,"18":0,"29":2,"30":2,"31":2,"32":2,"33":2,"34":2,"35":2,"36":2,"37":2,"40":1,"44":0,"47":0,"48":0,"49":0,"50":0,"54":0,"58":0,"60":0,"61":0,"62":0,"64":0,"66":0,"67":0,"71":0,"81":0,"83":1,"87":0,"124":0,"126":0,"127":0,"129":0,"132":0,"133":0,"135":0,"138":0,"139":0,"141":0,"144":0,"145":0,"147":0,"150":0,"151":0,"152":0,"153":0,"155":0,"158":0,"161":0,"162":0,"164":0,"169":0,"183":0,"184":0,"185":0,"199":0,"200":0,"201":0,"215":0,"216":0,"217":0,"218":0,"231":0,"233":0,"235":0,"236":0,"237":0,"238":0,"239":0,"240":0,"241":0,"242":0,"243":0,"244":0,"246":0,"247":0,"250":0,"252":0,"255":0,"259":0,"260":0,"261":0,"262":0,"266":0,"267":0,"269":0,"270":0,"273":0,"285":0,"286":0,"305":0,"306":0,"309":0,"310":0,"313":0,"314":0,"317":0,"318":0,"321":0,"322":0,"327":0,"328":0,"329":0,"330":0,"333":0,"334":0,"335":0,"337":0,"340":0,"341":0,"342":0,"344":0,"347":0,"348":0,"349":0,"350":0,"351":0,"353":0,"354":0,"356":0,"357":0,"361":0,"362":0,"365":0,"366":0,"369":0,"371":0,"373":0,"374":0,"375":0,"376":0,"377":0,"379":0,"393":0,"397":1,"401":0,"432":0,"435":0,"436":0,"437":0,"440":0,"441":0,"442":0,"445":0,"446":0,"447":0,"451":0,"454":0,"457":0,"458":0,"461":0,"467":0,"468":0,"469":0,"470":0,"471":0,"477":0,"478":0,"479":0,"480":0,"484":0,"486":0,"489":0,"490":0,"491":0,"492":0,"494":0,"496":0,"510":0,"511":0,"512":0,"513":0,"516":0,"528":0,"529":0,"532":0,"533":0,"534":0,"537":0,"542":0,"543":0,"547":0,"548":0,"551":0,"552":0,"553":0,"554":0,"555":0,"556":0,"559":0,"560":0,"562":0,"563":0,"564":0,"565":0,"573":0,"575":0,"576":0,"580":0,"619":0,"621":0,"622":0,"625":0,"626":0,"627":0,"630":0,"631":0,"633":0,"635":0,"638":0,"652":0,"653":0,"654":0,"656":0,"657":0,"672":0,"673":0,"674":0,"676":0,"677":0,"688":0,"689":0,"691":0,"692":0,"694":0,"695":0,"697":0,"698":0,"699":0,"701":0,"702":0,"703":0,"705":0,"706":0,"708":0,"710":0,"712":0,"715":0,"717":0,"729":0,"730":0,"731":0,"743":0,"744":0,"759":0,"760":0,"761":0,"774":0,"775":0,"776":0,"791":0,"792":0,"793":0,"794":0,"796":0,"798":0,"799":0,"800":0,"802":0,"823":0,"824":0,"825":0,"826":0,"840":0,"841":0,"842":0,"844":0,"845":0,"859":0,"860":0,"861":0,"863":0,"864":0,"880":0,"881":0,"882":0,"885":0,"886":0,"887":0,"888":0,"889":0,"890":0,"891":0,"892":0,"894":0,"895":0,"898":0,"900":0,"901":0,"903":0,"922":0,"923":0,"924":0,"926":0,"928":0,"929":0,"931":0,"944":0,"945":0,"958":0,"959":0,"960":0,"961":0,"963":0,"965":0,"966":0,"969":0,"982":0,"983":0,"996":0,"997":0,"1011":0,"1012":0,"1013":0,"1014":0,"1026":0,"1027":0,"1038":0,"1039":0,"1050":0,"1051":0,"1052":0,"1065":0,"1066":0,"1067":0,"1069":0,"1070":0,"1085":0,"1086":0,"1115":0,"1116":0,"1117":0,"1138":0,"1139":0,"1140":0,"1162":0,"1163":0,"1164":0,"1208":0,"1210":0,"1211":0,"1212":0,"1213":0,"1218":0,"1220":0,"1242":0,"1244":0,"1246":0,"1247":0,"1249":0,"1252":0,"1271":0,"1272":0,"1273":0,"1274":0,"1275":0,"1277":0,"1279":0,"1296":0,"1297":0,"1299":0,"1300":0,"1302":0,"1303":0,"1305":0,"1306":0,"1308":0,"1310":0,"1324":0,"1325":0,"1327":0,"1330":0,"1331":0,"1349":0,"1350":0,"1352":0,"1355":0,"1356":0,"1370":0,"1371":0,"1372":0,"1374":0,"1376":0,"1397":0,"1398":0,"1399":0,"1431":0,"1433":0,"1441":0,"1442":0,"1443":0,"1445":0,"1449":0,"1450":0,"1455":0,"1459":0,"1460":0,"1461":0,"1463":0,"1464":0,"1465":0,"1466":0,"1467":0,"1470":0,"1471":0,"1473":0,"1474":0,"1477":0,"1479":0,"1482":0,"1485":0,"1488":0,"1489":0,"1492":0,"1493":0,"1497":0,"1499":0,"1503":0,"1504":0,"1506":0,"1507":0,"1512":0,"1515":0,"1516":0,"1520":0,"1523":0,"1527":0,"1529":0,"1531":0,"1532":0,"1534":0,"1536":0,"1538":0,"1541":0,"1557":0,"1559":0,"1560":0,"1562":0,"1563":0,"1565":0,"1579":0,"1580":0,"1583":0,"1584":0,"1587":0,"1590":0,"1592":0,"1593":0,"1595":0,"1598":0,"1599":0,"1614":0,"1615":0,"1616":0,"1619":0,"1621":0,"1622":0,"1624":0,"1625":0,"1627":0,"1630":0,"1637":0,"1638":0,"1639":0,"1641":0,"1642":0,"1643":0,"1646":0,"1648":0,"1649":0,"1653":0,"1655":0,"1657":0,"1658":0,"1659":0,"1660":0,"1662":0,"1664":0,"1667":0,"1670":0,"1671":0,"1673":0,"1674":0,"1680":0,"1681":0,"1682":0,"1684":0,"1686":0,"1688":0,"1690":0,"1704":0,"1705":0,"1706":0,"1707":0,"1708":0,"1709":0,"1710":0,"1711":0,"1713":0,"1714":0,"1716":0,"1718":0,"1737":0,"1738":0,"1740":0,"1741":0,"1742":0,"1743":0,"1744":0,"1745":0,"1748":0,"1749":0,"1751":0,"1754":0,"1756":0,"1759":0,"1761":0,"1763":0,"1782":0,"1783":0,"1785":0,"1786":0,"1787":0,"1788":0,"1790":0,"1791":0,"1792":0,"1793":0,"1795":0,"1796":0,"1798":0,"1801":0,"1819":0,"1822":0,"1823":0,"1825":0,"1844":0,"1845":0,"1847":0,"1848":0,"1849":0,"1851":0,"1856":0,"1862":0,"1863":0,"1865":0,"1869":0,"1870":0,"1872":0,"1876":0,"1893":0,"1894":0,"1896":0,"1897":0,"1898":0,"1899":0,"1900":0,"1903":0,"1916":0,"1918":0,"1930":0,"1932":0,"1935":0,"1937":0,"1939":0,"1943":0,"1944":0,"1947":0,"1949":0,"1953":0,"1954":0,"1955":0,"1958":0,"1960":0,"1961":0,"1967":0,"1968":0,"1970":0,"1972":0,"1974":0,"1978":0,"1979":0,"1981":0,"1984":0,"1985":0,"1987":0,"1991":0,"1994":0,"1996":0,"2000":0,"2001":0,"2005":0,"2006":0,"2009":0,"2010":0,"2012":0,"2013":0,"2016":0,"2018":0,"2019":0,"2025":0,"2026":0,"2027":0,"2028":0,"2032":0,"2034":0,"2038":0,"2041":0,"2042":0,"2043":0,"2045":0,"2048":0,"2049":0,"2051":0,"2053":0,"2055":0,"2057":0,"2058":0,"2062":0,"2065":0,"2066":0,"2067":0,"2068":0,"2069":0,"2086":0,"2087":0,"2088":0,"2090":0,"2103":0,"2104":0,"2117":0,"2118":0,"2133":0,"2134":0,"2135":0,"2139":0,"2140":0,"2141":0,"2142":0,"2143":0,"2148":0,"2150":0,"2151":0,"2153":0,"2170":0,"2171":0,"2172":0,"2173":0,"2175":0,"2176":0,"2177":0,"2195":0,"2196":0,"2209":0,"2210":0,"2227":0,"2254":0,"2255":0,"2256":0,"2259":0,"2260":0,"2262":0,"2265":0,"2267":0,"2268":0,"2271":0,"2272":0,"2277":0,"2278":0,"2279":0,"2280":0,"2281":0,"2282":0,"2283":0,"2285":0,"2287":0,"2288":0,"2289":0,"2290":0,"2292":0,"2293":0,"2295":0,"2298":0,"2299":0,"2300":0,"2302":0,"2303":0,"2306":0,"2307":0,"2309":0,"2313":0,"2314":0,"2317":0,"2330":0,"2331":0,"2344":0,"2345":0,"2358":0,"2359":0,"2372":0,"2373":0,"2386":0,"2387":0,"2419":0,"2420":0,"2421":0,"2424":0,"2426":0,"2429":1,"2430":0,"2432":0,"2434":0,"2436":0,"2438":0,"2440":0,"2444":0,"2448":0,"2450":0,"2451":0,"2453":0,"2454":0,"2458":0,"2459":0,"2466":0,"2470":0,"2472":0,"2473":0,"2474":0,"2476":0,"2478":0,"2480":0,"2483":0,"2486":0,"2511":0,"2514":0,"2518":0,"2519":0,"2523":0,"2524":0,"2529":0,"2530":0,"2531":0,"2532":0,"2534":0,"2538":0,"2539":0,"2543":0,"2544":0,"2547":0,"2548":0,"2549":0,"2551":0,"2552":0,"2554":0,"2555":0,"2557":0,"2558":0,"2559":0,"2560":0,"2561":0,"2564":0,"2565":0,"2569":0,"2570":0,"2571":0,"2574":0,"2579":0,"2580":0,"2581":0,"2584":0,"2585":0,"2590":0,"2603":0,"2604":0,"2617":0,"2618":0,"2622":0,"2623":0,"2627":0,"2628":0,"2643":0,"2644":0,"2647":0,"2648":0,"2649":0,"2665":0,"2666":0,"2667":0,"2668":0,"2670":0,"2671":0,"2673":0,"2675":0,"2690":0,"2691":0,"2692":0,"2694":0,"2713":0,"2714":0,"2715":0,"2716":0,"2718":0,"2722":0,"2723":0,"2724":0,"2725":0,"2727":0,"2728":0,"2729":0,"2730":0,"2733":0,"2737":0,"2738":0,"2739":0,"2745":0,"2746":0,"2747":0,"2748":0,"2749":0,"2751":0,"2752":0,"2753":0,"2754":0,"2759":0,"2762":0,"2766":0,"2783":0,"2785":1,"2789":0,"2803":0,"2804":0,"2817":0,"2818":0,"2825":0,"2826":0,"2827":0,"2849":0,"2850":0,"2851":0,"2853":0,"2854":0,"2856":0,"2857":0,"2859":0,"2860":0,"2863":0,"2866":0,"2869":0,"2872":0,"2874":0,"2876":0,"2972":1,"2985":0,"2986":0,"2989":0,"2995":0,"2998":0,"3001":0,"3003":0,"3006":0,"3008":0,"3009":0,"3010":0,"3011":0,"3012":0,"3014":0,"3016":0,"3017":0,"3020":0,"3021":0,"3022":0,"3023":0,"3024":0,"3033":0,"3036":0,"3037":0,"3038":0,"3041":0,"3042":0,"3045":0,"3047":0,"3048":0,"3049":0,"3050":0,"3051":0,"3052":0,"3053":0,"3054":0,"3055":0,"3060":0,"3063":0,"3065":0,"3068":0,"3069":0,"3070":0,"3071":0,"3076":0,"3078":0,"3079":0,"3080":0,"3082":0,"3085":0,"3086":0,"3087":0,"3090":0,"3093":0,"3094":0,"3095":0,"3099":0,"3100":0,"3101":0,"3104":0,"3105":0,"3106":0,"3107":0,"3108":0,"3114":0,"3115":0,"3116":0,"3117":0,"3118":0,"3121":0,"3122":0,"3123":0,"3129":0,"3130":0,"3131":0,"3132":0,"3138":0,"3139":0,"3141":0,"3142":0,"3145":0,"3147":0,"3149":0,"3153":0,"3157":0,"3158":0,"3159":0,"3160":0,"3163":0,"3165":0,"3166":0,"3168":0,"3169":0,"3170":0,"3171":0,"3172":0,"3176":0,"3177":0,"3179":0,"3181":0,"3182":0,"3186":0,"3187":0,"3191":0,"3195":0,"3198":0,"3199":0,"3200":0,"3202":0,"3204":0,"3206":0,"3208":0,"3209":0,"3221":1,"3223":0,"3224":0,"3226":0,"3227":0,"3231":0,"3233":0,"3291":1,"3295":0,"3300":0,"3305":0,"3306":0,"3307":0,"3308":0,"3310":0,"3313":0,"3314":0,"3316":0,"3318":0,"3320":0,"3325":0,"3326":0,"3327":0,"3328":0,"3334":0,"3337":0,"3341":0,"3344":0,"3348":0,"3349":0,"3353":0,"3357":0,"3359":0,"3360":0,"3365":1,"3367":0,"3368":0,"3370":0,"3371":0,"3373":0,"3374":0,"3375":0,"3378":0,"3381":0,"3383":0,"3406":1,"3410":0,"3412":0,"3413":0,"3416":0,"3418":0,"3420":0,"3422":0,"3423":0,"3425":0,"3426":0,"3428":0,"3429":0,"3432":0,"3439":0,"3441":0,"3493":1,"3497":0,"3501":0,"3503":0,"3505":0,"3506":0,"3508":0,"3522":1,"3524":0,"3525":0,"3527":0,"3528":0,"3532":0,"3534":0,"3581":1,"3585":0,"3589":0,"3591":0,"3592":0,"3595":0,"3596":0,"3603":0,"3605":0,"3659":1,"3663":0,"3664":0,"3665":0,"3668":0,"3671":0,"3674":0,"3675":0,"3678":0,"3681":0,"3683":0,"3699":1,"3703":0,"3706":0,"3707":0}}}